#
# There is insufficient memory for the Java Runtime Environment to continue.
# Native memory allocation (mmap) failed to map 96468992 bytes for G1 virtual space
# Possible reasons:
#   The system is out of physical RAM or swap space
#   The process is running with CompressedOops enabled, and the Java Heap may be blocking the growth of the native heap
# Possible solutions:
#   Reduce memory load on the system
#   Increase physical memory or swap space
#   Check if swap backing store is full
#   Decrease Java heap size (-Xmx/-Xms)
#   Decrease number of Java threads
#   Decrease Java thread stack sizes (-Xss)
#   Set larger code cache with -XX:ReservedCodeCacheSize=
#   JVM is running with Unscaled Compressed Oops mode in which the Java heap is
#     placed in the first 4GB address space. The Java Heap base address is the
#     maximum limit for the native heap growth. Please use -XX:HeapBaseMinAddress
#     to set the Java Heap base and to place the Java Heap above 4GB virtual address.
# This output file may be truncated or incomplete.
#
#  Out of Memory Error (os_windows.cpp:3825), pid=16432, tid=22008
#
# JRE version: OpenJDK Runtime Environment (17.0.10) (build 17.0.10+0--11572160)
# Java VM: OpenJDK 64-Bit Server VM (17.0.10+0--11572160, mixed mode, tiered, compressed oops, compressed class ptrs, g1 gc, windows-amd64)
# No core dump will be written. Minidumps are not enabled by default on client versions of Windows
#

---------------  S U M M A R Y ------------

Command Line: --add-opens=java.base/java.util=ALL-UNNAMED --add-opens=java.base/java.lang=ALL-UNNAMED --add-opens=java.base/java.lang.invoke=ALL-UNNAMED --add-opens=java.prefs/java.util.prefs=ALL-UNNAMED --add-opens=java.base/java.nio.charset=ALL-UNNAMED --add-opens=java.base/java.net=ALL-UNNAMED --add-opens=java.base/java.util.concurrent.atomic=ALL-UNNAMED -Xmx2048m -Dfile.encoding=UTF-8 -Duser.country=US -Duser.language=en -Duser.variant -javaagent:C:\Users\ADMIN\.gradle\wrapper\dists\gradle-8.6-bin\afr5mpiioh2wthjmwnkmdsd5w\gradle-8.6\lib\agents\gradle-instrumentation-agent-8.6.jar org.gradle.launcher.daemon.bootstrap.GradleDaemon 8.6

Host: 12th Gen Intel(R) Core(TM) i7-12650H, 16 cores, 15G,  Windows 11 , 64 bit Build 22621 (10.0.22621.3374)
Time: Mon May 13 07:38:16 2024 SE Asia Standard Time elapsed time: 7.496706 seconds (0d 0h 0m 7s)

---------------  T H R E A D  ---------------

Current thread (0x0000029bb1150af0):  VMThread "VM Thread" [stack: 0x000000dca3400000,0x000000dca3500000] [id=22008]

Stack: [0x000000dca3400000,0x000000dca3500000]
Native frames: (J=compiled Java code, j=interpreted, Vv=VM code, C=native code)
V  [jvm.dll+0x688e89]
V  [jvm.dll+0x84247a]
V  [jvm.dll+0x8440be]
V  [jvm.dll+0x844723]
V  [jvm.dll+0x24be0f]
V  [jvm.dll+0x685c59]
V  [jvm.dll+0x67a50a]
V  [jvm.dll+0x30cbab]
V  [jvm.dll+0x314056]
V  [jvm.dll+0x363dce]
V  [jvm.dll+0x363fff]
V  [jvm.dll+0x2e2978]
V  [jvm.dll+0x2e0b54]
V  [jvm.dll+0x2e015c]
V  [jvm.dll+0x32502b]
V  [jvm.dll+0x848e1b]
V  [jvm.dll+0x849b61]
V  [jvm.dll+0x84a07d]
V  [jvm.dll+0x84a454]
V  [jvm.dll+0x84a520]
V  [jvm.dll+0x7f0d1a]
V  [jvm.dll+0x687d05]
C  [ucrtbase.dll+0x29333]
C  [KERNEL32.DLL+0x1257d]
C  [ntdll.dll+0x5aa48]

VM_Operation (0x000000dca51f63c0): G1CollectForAllocation, mode: safepoint, requested by thread 0x0000029bb184eff0


---------------  P R O C E S S  ---------------

Threads class SMR info:
_java_thread_list=0x0000029bb1438c10, length=64, elements={
0x0000029b94690f10, 0x0000029bb0fcafe0, 0x0000029bb0fcbe60, 0x0000029bb119d6c0,
0x0000029bb119e450, 0x0000029bb11a0020, 0x0000029bb11a29f0, 0x0000029bb11a3af0,
0x0000029bb11ae120, 0x0000029bb11ae730, 0x0000029bb12d79b0, 0x0000029bb12fd0f0,
0x0000029bb12d88e0, 0x0000029bb134de60, 0x0000029bb14ebc60, 0x0000029bb7d8c870,
0x0000029bb75ad820, 0x0000029bb785e6f0, 0x0000029bb85018c0, 0x0000029bb779e890,
0x0000029bb184eae0, 0x0000029bb184eff0, 0x0000029bb184f500, 0x0000029bb1850e50,
0x0000029bb1850430, 0x0000029bb184ff20, 0x0000029bb1851360, 0x0000029bb1851870,
0x0000029bb7a02300, 0x0000029bb79fff90, 0x0000029bb7a05090, 0x0000029bb7a013d0,
0x0000029bb7a055a0, 0x0000029bb7a03c50, 0x0000029bb7a02810, 0x0000029bb79ff570,
0x0000029bb7a04160, 0x0000029bb7a03230, 0x0000029bb7a04b80, 0x0000029bb7a064d0,
0x0000029bb7a004a0, 0x0000029bb7a069e0, 0x0000029bb7a018e0, 0x0000029bb7a02d20,
0x0000029bb184e5d0, 0x0000029bb184e0c0, 0x0000029bb9f61570, 0x0000029bb9f629b0,
0x0000029bb9f624a0, 0x0000029bb9f61a80, 0x0000029bb9f64300, 0x0000029bb9f62ec0,
0x0000029bb9f61060, 0x0000029bb9f638e0, 0x0000029bb9f633d0, 0x0000029bb9f63df0,
0x0000029bb9f61f90, 0x0000029bb860e780, 0x0000029bb860dce0, 0x0000029bb860ecd0,
0x0000029bb860f770, 0x0000029bb137a060, 0x0000029bb9f64810, 0x0000029bb9c92030
}

Java Threads: ( => current thread )
  0x0000029b94690f10 JavaThread "main" [_thread_blocked, id=1792, stack(0x000000dca2e00000,0x000000dca2f00000)]
  0x0000029bb0fcafe0 JavaThread "Reference Handler" daemon [_thread_blocked, id=23884, stack(0x000000dca3500000,0x000000dca3600000)]
  0x0000029bb0fcbe60 JavaThread "Finalizer" daemon [_thread_blocked, id=21952, stack(0x000000dca3600000,0x000000dca3700000)]
  0x0000029bb119d6c0 JavaThread "Signal Dispatcher" daemon [_thread_blocked, id=14884, stack(0x000000dca3700000,0x000000dca3800000)]
  0x0000029bb119e450 JavaThread "Attach Listener" daemon [_thread_blocked, id=3284, stack(0x000000dca3800000,0x000000dca3900000)]
  0x0000029bb11a0020 JavaThread "Service Thread" daemon [_thread_blocked, id=6748, stack(0x000000dca3900000,0x000000dca3a00000)]
  0x0000029bb11a29f0 JavaThread "Monitor Deflation Thread" daemon [_thread_blocked, id=20736, stack(0x000000dca3a00000,0x000000dca3b00000)]
  0x0000029bb11a3af0 JavaThread "C2 CompilerThread0" daemon [_thread_blocked, id=7396, stack(0x000000dca3b00000,0x000000dca3c00000)]
  0x0000029bb11ae120 JavaThread "C1 CompilerThread0" daemon [_thread_blocked, id=2928, stack(0x000000dca3c00000,0x000000dca3d00000)]
  0x0000029bb11ae730 JavaThread "Sweeper thread" daemon [_thread_blocked, id=24068, stack(0x000000dca3d00000,0x000000dca3e00000)]
  0x0000029bb12d79b0 JavaThread "Common-Cleaner" daemon [_thread_blocked, id=15704, stack(0x000000dca3e00000,0x000000dca3f00000)]
  0x0000029bb12fd0f0 JavaThread "C1 CompilerThread1" daemon [_thread_blocked, id=7680, stack(0x000000dca3f00000,0x000000dca4000000)]
  0x0000029bb12d88e0 JavaThread "C1 CompilerThread2" daemon [_thread_blocked, id=14860, stack(0x000000dca4000000,0x000000dca4100000)]
  0x0000029bb134de60 JavaThread "C1 CompilerThread3" daemon [_thread_blocked, id=12688, stack(0x000000dca4100000,0x000000dca4200000)]
  0x0000029bb14ebc60 JavaThread "Notification Thread" daemon [_thread_blocked, id=24240, stack(0x000000dca4200000,0x000000dca4300000)]
  0x0000029bb7d8c870 JavaThread "Daemon health stats" [_thread_blocked, id=15952, stack(0x000000dca4c00000,0x000000dca4d00000)]
  0x0000029bb75ad820 JavaThread "Incoming local TCP Connector on port 51992" [_thread_in_native, id=15560, stack(0x000000dca4600000,0x000000dca4700000)]
  0x0000029bb785e6f0 JavaThread "Daemon periodic checks" [_thread_blocked, id=12312, stack(0x000000dca4d00000,0x000000dca4e00000)]
  0x0000029bb85018c0 JavaThread "Daemon" [_thread_blocked, id=20416, stack(0x000000dca4e00000,0x000000dca4f00000)]
  0x0000029bb779e890 JavaThread "Handler for socket connection from /127.0.0.1:51992 to /127.0.0.1:51993" [_thread_in_native, id=16488, stack(0x000000dca4f00000,0x000000dca5000000)]
  0x0000029bb184eae0 JavaThread "Cancel handler" [_thread_blocked, id=13360, stack(0x000000dca5000000,0x000000dca5100000)]
  0x0000029bb184eff0 JavaThread "Daemon worker" [_thread_blocked, id=16340, stack(0x000000dca5100000,0x000000dca5200000)]
  0x0000029bb184f500 JavaThread "Asynchronous log dispatcher for DefaultDaemonConnection: socket connection from /127.0.0.1:51992 to /127.0.0.1:51993" [_thread_blocked, id=14084, stack(0x000000dca5200000,0x000000dca5300000)]
  0x0000029bb1850e50 JavaThread "Stdin handler" [_thread_blocked, id=19776, stack(0x000000dca5300000,0x000000dca5400000)]
  0x0000029bb1850430 JavaThread "Daemon client event forwarder" [_thread_blocked, id=7660, stack(0x000000dca5400000,0x000000dca5500000)]
  0x0000029bb184ff20 JavaThread "Cache worker for journal cache (C:\Users\ADMIN\.gradle\caches\journal-1)" [_thread_blocked, id=16328, stack(0x000000dca5e00000,0x000000dca5f00000)]
  0x0000029bb1851360 JavaThread "File lock request listener" [_thread_in_native, id=13668, stack(0x000000dca5f00000,0x000000dca6000000)]
  0x0000029bb1851870 JavaThread "Cache worker for file hash cache (C:\Users\ADMIN\.gradle\caches\8.6\fileHashes)" [_thread_blocked, id=19552, stack(0x000000dca6000000,0x000000dca6100000)]
  0x0000029bb7a02300 JavaThread "File watcher server" daemon [_thread_blocked, id=13456, stack(0x000000dca6100000,0x000000dca6200000)]
  0x0000029bb79fff90 JavaThread "File watcher consumer" daemon [_thread_blocked, id=19756, stack(0x000000dca6200000,0x000000dca6300000)]
  0x0000029bb7a05090 JavaThread "Cache worker for checksums cache (C:\Users\ADMIN\AndroidStudioProjects\HelloWorld\.gradle\8.6\checksums)" [_thread_blocked, id=2568, stack(0x000000dca4500000,0x000000dca4600000)]
  0x0000029bb7a013d0 JavaThread "Cache worker for file hash cache (C:\Users\ADMIN\AndroidStudioProjects\HelloWorld\.gradle\8.6\fileHashes)" [_thread_blocked, id=21024, stack(0x000000dca6300000,0x000000dca6400000)]
  0x0000029bb7a055a0 JavaThread "Cache worker for cache directory md-supplier (C:\Users\ADMIN\.gradle\caches\8.6\md-supplier)" [_thread_blocked, id=19752, stack(0x000000dca4400000,0x000000dca4500000)]
  0x0000029bb7a03c50 JavaThread "Cache worker for cache directory md-rule (C:\Users\ADMIN\.gradle\caches\8.6\md-rule)" [_thread_blocked, id=15856, stack(0x000000dca6400000,0x000000dca6500000)]
  0x0000029bb7a02810 JavaThread "Cache worker for file content cache (C:\Users\ADMIN\.gradle\caches\8.6\fileContent)" [_thread_blocked, id=13564, stack(0x000000dca6500000,0x000000dca6600000)]
  0x0000029bb79ff570 JavaThread "jar transforms" [_thread_blocked, id=7880, stack(0x000000dca6a00000,0x000000dca6b00000)]
  0x0000029bb7a04160 JavaThread "jar transforms Thread 2" [_thread_blocked, id=17752, stack(0x000000dca6b00000,0x000000dca6c00000)]
  0x0000029bb7a03230 JavaThread "jar transforms Thread 3" [_thread_blocked, id=11564, stack(0x000000dca6c00000,0x000000dca6d00000)]
  0x0000029bb7a04b80 JavaThread "jar transforms Thread 4" [_thread_blocked, id=15980, stack(0x000000dca6d00000,0x000000dca6e00000)]
  0x0000029bb7a064d0 JavaThread "Cache worker for Build Output Cleanup Cache (C:\Users\ADMIN\AndroidStudioProjects\HelloWorld\.gradle\buildOutputCleanup)" [_thread_blocked, id=12100, stack(0x000000dca6e00000,0x000000dca6f00000)]
  0x0000029bb7a004a0 JavaThread "jar transforms Thread 5" [_thread_blocked, id=22632, stack(0x000000dca6f00000,0x000000dca7000000)]
  0x0000029bb7a069e0 JavaThread "jar transforms Thread 6" [_thread_blocked, id=7924, stack(0x000000dca7000000,0x000000dca7100000)]
  0x0000029bb7a018e0 JavaThread "Unconstrained build operations" [_thread_blocked, id=12772, stack(0x000000dca6600000,0x000000dca6700000)]
  0x0000029bb7a02d20 JavaThread "Unconstrained build operations Thread 2" [_thread_blocked, id=8024, stack(0x000000dca6700000,0x000000dca6800000)]
  0x0000029bb184e5d0 JavaThread "Unconstrained build operations Thread 3" [_thread_blocked, id=16884, stack(0x000000dca6800000,0x000000dca6900000)]
  0x0000029bb184e0c0 JavaThread "Unconstrained build operations Thread 4" [_thread_blocked, id=10348, stack(0x000000dca6900000,0x000000dca6a00000)]
  0x0000029bb9f61570 JavaThread "Unconstrained build operations Thread 5" [_thread_blocked, id=9812, stack(0x000000dca7200000,0x000000dca7300000)]
  0x0000029bb9f629b0 JavaThread "Unconstrained build operations Thread 6" [_thread_blocked, id=15680, stack(0x000000dca7300000,0x000000dca7400000)]
  0x0000029bb9f624a0 JavaThread "Unconstrained build operations Thread 7" [_thread_blocked, id=15724, stack(0x000000dca7400000,0x000000dca7500000)]
  0x0000029bb9f61a80 JavaThread "Unconstrained build operations Thread 8" [_thread_blocked, id=17736, stack(0x000000dca7500000,0x000000dca7600000)]
  0x0000029bb9f64300 JavaThread "Unconstrained build operations Thread 9" [_thread_blocked, id=18008, stack(0x000000dca7600000,0x000000dca7700000)]
  0x0000029bb9f62ec0 JavaThread "Unconstrained build operations Thread 10" [_thread_blocked, id=13116, stack(0x000000dca7700000,0x000000dca7800000)]
  0x0000029bb9f61060 JavaThread "Unconstrained build operations Thread 11" [_thread_blocked, id=21160, stack(0x000000dca7800000,0x000000dca7900000)]
  0x0000029bb9f638e0 JavaThread "Unconstrained build operations Thread 12" [_thread_blocked, id=3572, stack(0x000000dca7900000,0x000000dca7a00000)]
  0x0000029bb9f633d0 JavaThread "Unconstrained build operations Thread 13" [_thread_blocked, id=9356, stack(0x000000dca7a00000,0x000000dca7b00000)]
  0x0000029bb9f63df0 JavaThread "Unconstrained build operations Thread 14" [_thread_blocked, id=8864, stack(0x000000dca7b00000,0x000000dca7c00000)]
  0x0000029bb9f61f90 JavaThread "Unconstrained build operations Thread 15" [_thread_blocked, id=19468, stack(0x000000dca7c00000,0x000000dca7d00000)]
  0x0000029bb860e780 JavaThread "C2 CompilerThread1" daemon [_thread_blocked, id=22628, stack(0x000000dca7d00000,0x000000dca7e00000)]
  0x0000029bb860dce0 JavaThread "C2 CompilerThread2" daemon [_thread_blocked, id=8872, stack(0x000000dca7e00000,0x000000dca7f00000)]
  0x0000029bb860ecd0 JavaThread "C2 CompilerThread3" daemon [_thread_blocked, id=5596, stack(0x000000dca7f00000,0x000000dca8000000)]
  0x0000029bb860f770 JavaThread "C2 CompilerThread4" daemon [_thread_blocked, id=10424, stack(0x000000dca8000000,0x000000dca8100000)]
  0x0000029bb137a060 JavaThread "C2 CompilerThread5" daemon [_thread_blocked, id=15476, stack(0x000000dca8100000,0x000000dca8200000)]
  0x0000029bb9f64810 JavaThread "jar transforms Thread 7" [_thread_blocked, id=7284, stack(0x000000dca8400000,0x000000dca8500000)]
  0x0000029bb9c92030 JavaThread "jar transforms Thread 8" [_thread_blocked, id=24456, stack(0x000000dca8500000,0x000000dca8600000)]

Other Threads:
=>0x0000029bb1150af0 VMThread "VM Thread" [stack: 0x000000dca3400000,0x000000dca3500000] [id=22008]
  0x0000029b94691d90 WatcherThread [stack: 0x000000dca4300000,0x000000dca4400000] [id=19624]
  0x0000029b946eb950 GCTaskThread "GC Thread#0" [stack: 0x000000dca2f00000,0x000000dca3000000] [id=23976]
  0x0000029bb6304230 GCTaskThread "GC Thread#1" [stack: 0x000000dca4700000,0x000000dca4800000] [id=13796]
  0x0000029bb6579530 GCTaskThread "GC Thread#2" [stack: 0x000000dca4800000,0x000000dca4900000] [id=10800]
  0x0000029bb6ced400 GCTaskThread "GC Thread#3" [stack: 0x000000dca4900000,0x000000dca4a00000] [id=16060]
  0x0000029bb6c3a530 GCTaskThread "GC Thread#4" [stack: 0x000000dca4a00000,0x000000dca4b00000] [id=8668]
  0x0000029bb6c3a7f0 GCTaskThread "GC Thread#5" [stack: 0x000000dca4b00000,0x000000dca4c00000] [id=14672]
  0x0000029bb7a84f00 GCTaskThread "GC Thread#6" [stack: 0x000000dca5500000,0x000000dca5600000] [id=14472]
  0x0000029bb75add00 GCTaskThread "GC Thread#7" [stack: 0x000000dca5600000,0x000000dca5700000] [id=19312]
  0x0000029bb6d08f20 GCTaskThread "GC Thread#8" [stack: 0x000000dca5700000,0x000000dca5800000] [id=5500]
  0x0000029bb7605950 GCTaskThread "GC Thread#9" [stack: 0x000000dca5800000,0x000000dca5900000] [id=19684]
  0x0000029bb6c2beb0 GCTaskThread "GC Thread#10" [stack: 0x000000dca5900000,0x000000dca5a00000] [id=11524]
  0x0000029bb6c2c9b0 GCTaskThread "GC Thread#11" [stack: 0x000000dca5a00000,0x000000dca5b00000] [id=23204]
  0x0000029bb6c2da30 GCTaskThread "GC Thread#12" [stack: 0x000000dca5b00000,0x000000dca5c00000] [id=11464]
  0x0000029b946fc8a0 ConcurrentGCThread "G1 Main Marker" [stack: 0x000000dca3000000,0x000000dca3100000] [id=18440]
  0x0000029b946fd2c0 ConcurrentGCThread "G1 Conc#0" [stack: 0x000000dca3100000,0x000000dca3200000] [id=15740]
  0x0000029bb6c2c170 ConcurrentGCThread "G1 Conc#1" [stack: 0x000000dca5c00000,0x000000dca5d00000] [id=22456]
  0x0000029bb6c2cf30 ConcurrentGCThread "G1 Conc#2" [stack: 0x000000dca5d00000,0x000000dca5e00000] [id=4108]
  0x0000029bb0e82ae0 ConcurrentGCThread "G1 Refine#0" [stack: 0x000000dca3200000,0x000000dca3300000] [id=19788]
  0x0000029bb0e83420 ConcurrentGCThread "G1 Service" [stack: 0x000000dca3300000,0x000000dca3400000] [id=9664]

Threads with active compile tasks:

VM state: at safepoint (normal execution)

VM Mutex/Monitor currently owned by a thread:  ([mutex/lock_event])
[0x0000029b9468ce80] Threads_lock - owner thread: 0x0000029bb1150af0
[0x0000029b9468ddb0] Heap_lock - owner thread: 0x0000029bb184eff0

Heap address: 0x0000000080000000, size: 2048 MB, Compressed Oops mode: 32-bit

CDS archive(s) not mapped
Compressed class space mapped at: 0x0000000100000000-0x0000000140000000, reserved size: 1073741824
Narrow klass base: 0x0000000000000000, Narrow klass shift: 3, Narrow klass range: 0x140000000

GC Precious Log:
 CPUs: 16 total, 16 available
 Memory: 16004M
 Large Page Support: Disabled
 NUMA Support: Disabled
 Compressed Oops: Enabled (32-bit)
 Heap Region Size: 1M
 Heap Min Capacity: 8M
 Heap Initial Capacity: 252M
 Heap Max Capacity: 2G
 Pre-touch: Disabled
 Parallel Workers: 13
 Concurrent Workers: 3
 Concurrent Refinement Workers: 13
 Periodic GC: Disabled

Heap:
 garbage-first heap   total 116736K, used 66645K [0x0000000080000000, 0x0000000100000000)
  region size 1024K, 1 young (1024K), 1 survivors (1024K)
 Metaspace       used 66423K, committed 67008K, reserved 1114112K
  class space    used 9064K, committed 9344K, reserved 1048576K

Heap Regions: E=young(eden), S=young(survivor), O=old, HS=humongous(starts), HC=humongous(continues), CS=collection set, F=free, OA=open archive, CA=closed archive, TAMS=top-at-mark-start (previous, next)
|   0|0x0000000080000000, 0x0000000080100000, 0x0000000080100000|100%|HS|  |TAMS 0x0000000080100000, 0x0000000080000000| Complete 
|   1|0x0000000080100000, 0x0000000080200000, 0x0000000080200000|100%|HC|  |TAMS 0x0000000080200000, 0x0000000080100000| Complete 
|   2|0x0000000080200000, 0x0000000080300000, 0x0000000080300000|100%|HC|  |TAMS 0x0000000080300000, 0x0000000080200000| Complete 
|   3|0x0000000080300000, 0x0000000080400000, 0x0000000080400000|100%|HC|  |TAMS 0x0000000080400000, 0x0000000080300000| Complete 
|   4|0x0000000080400000, 0x0000000080500000, 0x0000000080500000|100%| O|  |TAMS 0x0000000080500000, 0x0000000080400000| Untracked 
|   5|0x0000000080500000, 0x0000000080600000, 0x0000000080600000|100%| O|  |TAMS 0x0000000080600000, 0x0000000080500000| Untracked 
|   6|0x0000000080600000, 0x0000000080700000, 0x0000000080700000|100%| O|  |TAMS 0x0000000080700000, 0x0000000080600000| Untracked 
|   7|0x0000000080700000, 0x0000000080800000, 0x0000000080800000|100%| O|  |TAMS 0x0000000080800000, 0x0000000080700000| Untracked 
|   8|0x0000000080800000, 0x0000000080900000, 0x0000000080900000|100%| O|  |TAMS 0x0000000080900000, 0x0000000080800000| Untracked 
|   9|0x0000000080900000, 0x0000000080a00000, 0x0000000080a00000|100%| O|  |TAMS 0x0000000080a00000, 0x0000000080900000| Untracked 
|  10|0x0000000080a00000, 0x0000000080a6b200, 0x0000000080b00000| 41%| O|  |TAMS 0x0000000080a6b200, 0x0000000080a00000| Untracked 
|  11|0x0000000080b00000, 0x0000000080c00000, 0x0000000080c00000|100%| O|  |TAMS 0x0000000080c00000, 0x0000000080b00000| Untracked 
|  12|0x0000000080c00000, 0x0000000080d00000, 0x0000000080d00000|100%| O|  |TAMS 0x0000000080d00000, 0x0000000080c00000| Untracked 
|  13|0x0000000080d00000, 0x0000000080e00000, 0x0000000080e00000|100%| O|  |TAMS 0x0000000080e00000, 0x0000000080d00000| Untracked 
|  14|0x0000000080e00000, 0x0000000080f00000, 0x0000000080f00000|100%| O|  |TAMS 0x0000000080f00000, 0x0000000080e00000| Untracked 
|  15|0x0000000080f00000, 0x0000000081000000, 0x0000000081000000|100%| O|  |TAMS 0x0000000081000000, 0x0000000080f00000| Untracked 
|  16|0x0000000081000000, 0x0000000081100000, 0x0000000081100000|100%| O|  |TAMS 0x0000000081100000, 0x0000000081000000| Untracked 
|  17|0x0000000081100000, 0x0000000081200000, 0x0000000081200000|100%| O|  |TAMS 0x0000000081200000, 0x0000000081100000| Untracked 
|  18|0x0000000081200000, 0x0000000081300000, 0x0000000081300000|100%| O|  |TAMS 0x0000000081300000, 0x0000000081200000| Untracked 
|  19|0x0000000081300000, 0x0000000081400000, 0x0000000081400000|100%| O|  |TAMS 0x0000000081400000, 0x0000000081300000| Untracked 
|  20|0x0000000081400000, 0x0000000081500000, 0x0000000081500000|100%| O|  |TAMS 0x0000000081500000, 0x0000000081400000| Untracked 
|  21|0x0000000081500000, 0x0000000081600000, 0x0000000081600000|100%| O|  |TAMS 0x0000000081600000, 0x0000000081500000| Untracked 
|  22|0x0000000081600000, 0x0000000081700000, 0x0000000081700000|100%| O|  |TAMS 0x0000000081700000, 0x0000000081600000| Untracked 
|  23|0x0000000081700000, 0x0000000081800000, 0x0000000081800000|100%|HS|  |TAMS 0x0000000081700000, 0x0000000081700000| Complete 
|  24|0x0000000081800000, 0x0000000081900000, 0x0000000081900000|100%| O|  |TAMS 0x0000000081900000, 0x0000000081800000| Untracked 
|  25|0x0000000081900000, 0x0000000081a00000, 0x0000000081a00000|100%| O|  |TAMS 0x0000000081a00000, 0x0000000081900000| Untracked 
|  26|0x0000000081a00000, 0x0000000081b00000, 0x0000000081b00000|100%| O|  |TAMS 0x0000000081b00000, 0x0000000081a00000| Untracked 
|  27|0x0000000081b00000, 0x0000000081c00000, 0x0000000081c00000|100%| O|  |TAMS 0x0000000081c00000, 0x0000000081b00000| Untracked 
|  28|0x0000000081c00000, 0x0000000081d00000, 0x0000000081d00000|100%| O|  |TAMS 0x0000000081d00000, 0x0000000081c00000| Untracked 
|  29|0x0000000081d00000, 0x0000000081e00000, 0x0000000081e00000|100%| O|  |TAMS 0x0000000081e00000, 0x0000000081d00000| Untracked 
|  30|0x0000000081e00000, 0x0000000081f00000, 0x0000000081f00000|100%| O|  |TAMS 0x0000000081f00000, 0x0000000081e00000| Untracked 
|  31|0x0000000081f00000, 0x0000000082000000, 0x0000000082000000|100%| O|  |TAMS 0x0000000082000000, 0x0000000081f00000| Complete 
|  32|0x0000000082000000, 0x0000000082100000, 0x0000000082100000|100%| O|  |TAMS 0x0000000082100000, 0x0000000082000000| Untracked 
|  33|0x0000000082100000, 0x0000000082200000, 0x0000000082200000|100%| O|  |TAMS 0x0000000082200000, 0x0000000082100000| Untracked 
|  34|0x0000000082200000, 0x0000000082300000, 0x0000000082300000|100%| O|  |TAMS 0x0000000082300000, 0x0000000082200000| Untracked 
|  35|0x0000000082300000, 0x0000000082400000, 0x0000000082400000|100%| O|  |TAMS 0x0000000082400000, 0x0000000082300000| Untracked 
|  36|0x0000000082400000, 0x0000000082500000, 0x0000000082500000|100%| O|  |TAMS 0x0000000082500000, 0x0000000082400000| Untracked 
|  37|0x0000000082500000, 0x0000000082500000, 0x0000000082600000|  0%| F|  |TAMS 0x0000000082500000, 0x0000000082500000| Untracked 
|  38|0x0000000082600000, 0x0000000082700000, 0x0000000082700000|100%| O|  |TAMS 0x0000000082700000, 0x0000000082600000| Untracked 
|  39|0x0000000082700000, 0x0000000082800000, 0x0000000082800000|100%| O|  |TAMS 0x0000000082800000, 0x0000000082700000| Untracked 
|  40|0x0000000082800000, 0x0000000082900000, 0x0000000082900000|100%| O|  |TAMS 0x0000000082900000, 0x0000000082800000| Untracked 
|  41|0x0000000082900000, 0x0000000082a00000, 0x0000000082a00000|100%| O|  |TAMS 0x0000000082a00000, 0x0000000082900000| Untracked 
|  42|0x0000000082a00000, 0x0000000082b00000, 0x0000000082b00000|100%| O|  |TAMS 0x0000000082b00000, 0x0000000082a00000| Untracked 
|  43|0x0000000082b00000, 0x0000000082c00000, 0x0000000082c00000|100%| O|  |TAMS 0x0000000082c00000, 0x0000000082b00000| Untracked 
|  44|0x0000000082c00000, 0x0000000082d00000, 0x0000000082d00000|100%| O|  |TAMS 0x0000000082d00000, 0x0000000082c00000| Untracked 
|  45|0x0000000082d00000, 0x0000000082e00000, 0x0000000082e00000|100%|HS|  |TAMS 0x0000000082e00000, 0x0000000082d00000| Complete 
|  46|0x0000000082e00000, 0x0000000082f00000, 0x0000000082f00000|100%|HS|  |TAMS 0x0000000082f00000, 0x0000000082e00000| Complete 
|  47|0x0000000082f00000, 0x0000000083000000, 0x0000000083000000|100%|HS|  |TAMS 0x0000000083000000, 0x0000000082f00000| Complete 
|  48|0x0000000083000000, 0x0000000083100000, 0x0000000083100000|100%|HC|  |TAMS 0x0000000083100000, 0x0000000083000000| Complete 
|  49|0x0000000083100000, 0x0000000083200000, 0x0000000083200000|100%|HS|  |TAMS 0x0000000083200000, 0x0000000083100000| Complete 
|  50|0x0000000083200000, 0x0000000083300000, 0x0000000083300000|100%|HC|  |TAMS 0x0000000083300000, 0x0000000083200000| Complete 
|  51|0x0000000083300000, 0x0000000083400000, 0x0000000083400000|100%|HS|  |TAMS 0x0000000083400000, 0x0000000083300000| Complete 
|  52|0x0000000083400000, 0x0000000083500000, 0x0000000083500000|100%|HS|  |TAMS 0x0000000083500000, 0x0000000083400000| Complete 
|  53|0x0000000083500000, 0x0000000083600000, 0x0000000083600000|100%|HC|  |TAMS 0x0000000083600000, 0x0000000083500000| Complete 
|  54|0x0000000083600000, 0x0000000083700000, 0x0000000083700000|100%|HC|  |TAMS 0x0000000083700000, 0x0000000083600000| Complete 
|  55|0x0000000083700000, 0x0000000083800000, 0x0000000083800000|100%|HC|  |TAMS 0x0000000083800000, 0x0000000083700000| Complete 
|  56|0x0000000083800000, 0x0000000083900000, 0x0000000083900000|100%|HS|  |TAMS 0x0000000083900000, 0x0000000083800000| Complete 
|  57|0x0000000083900000, 0x0000000083a00000, 0x0000000083a00000|100%| O|  |TAMS 0x0000000083a00000, 0x0000000083900000| Untracked 
|  58|0x0000000083a00000, 0x0000000083b00000, 0x0000000083b00000|100%|HS|  |TAMS 0x0000000083b00000, 0x0000000083a00000| Complete 
|  59|0x0000000083b00000, 0x0000000083c00000, 0x0000000083c00000|100%| O|  |TAMS 0x0000000083c00000, 0x0000000083b00000| Untracked 
|  60|0x0000000083c00000, 0x0000000083d00000, 0x0000000083d00000|100%| O|  |TAMS 0x0000000083d00000, 0x0000000083c00000| Untracked 
|  61|0x0000000083d00000, 0x0000000083d00000, 0x0000000083e00000|  0%| F|  |TAMS 0x0000000083d00000, 0x0000000083d00000| Untracked 
|  62|0x0000000083e00000, 0x0000000083e00000, 0x0000000083f00000|  0%| F|  |TAMS 0x0000000083e00000, 0x0000000083e00000| Untracked 
|  63|0x0000000083f00000, 0x0000000083f00000, 0x0000000084000000|  0%| F|  |TAMS 0x0000000083f00000, 0x0000000083f00000| Untracked 
|  64|0x0000000084000000, 0x0000000084100000, 0x0000000084100000|100%| O|  |TAMS 0x0000000084100000, 0x0000000084000000| Untracked 
|  65|0x0000000084100000, 0x00000000841b4000, 0x0000000084200000| 70%| O|  |TAMS 0x00000000841b4000, 0x0000000084100000| Untracked 
|  66|0x0000000084200000, 0x0000000084200000, 0x0000000084300000|  0%| F|  |TAMS 0x0000000084200000, 0x0000000084200000| Untracked 
|  67|0x0000000084300000, 0x0000000084300000, 0x0000000084400000|  0%| F|  |TAMS 0x0000000084300000, 0x0000000084300000| Untracked 
|  68|0x0000000084400000, 0x0000000084400000, 0x0000000084500000|  0%| F|  |TAMS 0x0000000084400000, 0x0000000084400000| Untracked 
|  69|0x0000000084500000, 0x0000000084500000, 0x0000000084600000|  0%| F|  |TAMS 0x0000000084500000, 0x0000000084500000| Untracked 
|  70|0x0000000084600000, 0x0000000084600000, 0x0000000084700000|  0%| F|  |TAMS 0x0000000084600000, 0x0000000084600000| Untracked 
|  71|0x0000000084700000, 0x0000000084700000, 0x0000000084800000|  0%| F|  |TAMS 0x0000000084700000, 0x0000000084700000| Untracked 
|  72|0x0000000084800000, 0x0000000084800000, 0x0000000084900000|  0%| F|  |TAMS 0x0000000084800000, 0x0000000084800000| Untracked 
|  73|0x0000000084900000, 0x0000000084900000, 0x0000000084a00000|  0%| F|  |TAMS 0x0000000084900000, 0x0000000084900000| Untracked 
|  74|0x0000000084a00000, 0x0000000084a00000, 0x0000000084b00000|  0%| F|  |TAMS 0x0000000084a00000, 0x0000000084a00000| Untracked 
|  75|0x0000000084b00000, 0x0000000084b00000, 0x0000000084c00000|  0%| F|  |TAMS 0x0000000084b00000, 0x0000000084b00000| Untracked 
|  76|0x0000000084c00000, 0x0000000084c00000, 0x0000000084d00000|  0%| F|  |TAMS 0x0000000084c00000, 0x0000000084c00000| Untracked 
|  77|0x0000000084d00000, 0x0000000084d00000, 0x0000000084e00000|  0%| F|  |TAMS 0x0000000084d00000, 0x0000000084d00000| Untracked 
|  78|0x0000000084e00000, 0x0000000084e00000, 0x0000000084f00000|  0%| F|  |TAMS 0x0000000084e00000, 0x0000000084e00000| Untracked 
|  79|0x0000000084f00000, 0x0000000084f00000, 0x0000000085000000|  0%| F|  |TAMS 0x0000000084f00000, 0x0000000084f00000| Untracked 
|  80|0x0000000085000000, 0x0000000085000000, 0x0000000085100000|  0%| F|  |TAMS 0x0000000085000000, 0x0000000085000000| Untracked 
|  81|0x0000000085100000, 0x0000000085100000, 0x0000000085200000|  0%| F|  |TAMS 0x0000000085100000, 0x0000000085100000| Untracked 
|  82|0x0000000085200000, 0x0000000085200000, 0x0000000085300000|  0%| F|  |TAMS 0x0000000085200000, 0x0000000085200000| Untracked 
|  83|0x0000000085300000, 0x0000000085300000, 0x0000000085400000|  0%| F|  |TAMS 0x0000000085300000, 0x0000000085300000| Untracked 
|  84|0x0000000085400000, 0x0000000085400000, 0x0000000085500000|  0%| F|  |TAMS 0x0000000085400000, 0x0000000085400000| Untracked 
|  85|0x0000000085500000, 0x0000000085500000, 0x0000000085600000|  0%| F|  |TAMS 0x0000000085500000, 0x0000000085500000| Untracked 
|  86|0x0000000085600000, 0x0000000085600000, 0x0000000085700000|  0%| F|  |TAMS 0x0000000085600000, 0x0000000085600000| Untracked 
|  87|0x0000000085700000, 0x0000000085700000, 0x0000000085800000|  0%| F|  |TAMS 0x0000000085700000, 0x0000000085700000| Untracked 
|  88|0x0000000085800000, 0x0000000085800000, 0x0000000085900000|  0%| F|  |TAMS 0x0000000085800000, 0x0000000085800000| Untracked 
|  89|0x0000000085900000, 0x0000000085900000, 0x0000000085a00000|  0%| F|  |TAMS 0x0000000085900000, 0x0000000085900000| Untracked 
|  90|0x0000000085a00000, 0x0000000085a00000, 0x0000000085b00000|  0%| F|  |TAMS 0x0000000085a00000, 0x0000000085a00000| Untracked 
|  91|0x0000000085b00000, 0x0000000085b00000, 0x0000000085c00000|  0%| F|  |TAMS 0x0000000085b00000, 0x0000000085b00000| Untracked 
|  92|0x0000000085c00000, 0x0000000085c00000, 0x0000000085d00000|  0%| F|  |TAMS 0x0000000085c00000, 0x0000000085c00000| Untracked 
|  93|0x0000000085d00000, 0x0000000085d00000, 0x0000000085e00000|  0%| F|  |TAMS 0x0000000085d00000, 0x0000000085d00000| Untracked 
|  94|0x0000000085e00000, 0x0000000085e00000, 0x0000000085f00000|  0%| F|  |TAMS 0x0000000085e00000, 0x0000000085e00000| Untracked 
|  95|0x0000000085f00000, 0x0000000085f00000, 0x0000000086000000|  0%| F|  |TAMS 0x0000000085f00000, 0x0000000085f00000| Untracked 
|  96|0x0000000086000000, 0x0000000086000000, 0x0000000086100000|  0%| F|  |TAMS 0x0000000086000000, 0x0000000086000000| Untracked 
|  97|0x0000000086100000, 0x0000000086100000, 0x0000000086200000|  0%| F|  |TAMS 0x0000000086100000, 0x0000000086100000| Untracked 
|  98|0x0000000086200000, 0x00000000862f6480, 0x0000000086300000| 96%| S|CS|TAMS 0x0000000086200000, 0x0000000086200000| Complete 
|  99|0x0000000086300000, 0x0000000086300000, 0x0000000086400000|  0%| F|  |TAMS 0x0000000086300000, 0x0000000086300000| Untracked 
| 100|0x0000000086400000, 0x0000000086400000, 0x0000000086500000|  0%| F|  |TAMS 0x0000000086400000, 0x0000000086400000| Untracked 
| 193|0x000000008c100000, 0x000000008c100000, 0x000000008c200000|  0%| F|  |TAMS 0x000000008c100000, 0x000000008c100000| Untracked 
| 194|0x000000008c200000, 0x000000008c200000, 0x000000008c300000|  0%| F|  |TAMS 0x000000008c200000, 0x000000008c200000| Untracked 
| 195|0x000000008c300000, 0x000000008c300000, 0x000000008c400000|  0%| F|  |TAMS 0x000000008c300000, 0x000000008c300000| Untracked 
| 196|0x000000008c400000, 0x000000008c400000, 0x000000008c500000|  0%| F|  |TAMS 0x000000008c400000, 0x000000008c400000| Untracked 
| 197|0x000000008c500000, 0x000000008c500000, 0x000000008c600000|  0%| F|  |TAMS 0x000000008c500000, 0x000000008c500000| Untracked 
| 198|0x000000008c600000, 0x000000008c600000, 0x000000008c700000|  0%| F|  |TAMS 0x000000008c600000, 0x000000008c600000| Untracked 
| 199|0x000000008c700000, 0x000000008c700000, 0x000000008c800000|  0%| F|  |TAMS 0x000000008c700000, 0x000000008c700000| Untracked 
| 200|0x000000008c800000, 0x000000008c800000, 0x000000008c900000|  0%| F|  |TAMS 0x000000008c800000, 0x000000008c800000| Untracked 
| 201|0x000000008c900000, 0x000000008c900000, 0x000000008ca00000|  0%| F|  |TAMS 0x000000008c900000, 0x000000008c900000| Untracked 
| 251|0x000000008fb00000, 0x000000008fb00000, 0x000000008fc00000|  0%| F|  |TAMS 0x000000008fb00000, 0x000000008fb00000| Untracked 
|2045|0x00000000ffd00000, 0x00000000ffe00000, 0x00000000ffe00000|100%| O|  |TAMS 0x00000000ffe00000, 0x00000000ffd00000| Untracked 
|2046|0x00000000ffe00000, 0x00000000fff00000, 0x00000000fff00000|100%| O|  |TAMS 0x00000000fff00000, 0x00000000ffe00000| Untracked 
|2047|0x00000000fff00000, 0x0000000100000000, 0x0000000100000000|100%| O|  |TAMS 0x0000000100000000, 0x00000000fff00000| Untracked 

Card table byte_map: [0x0000029ba9710000,0x0000029ba9b10000] _byte_map_base: 0x0000029ba9310000

Marking Bits (Prev, Next): (CMBitMap*) 0x0000029b946ebfb0, (CMBitMap*) 0x0000029b946ebf70
 Prev Bits: [0x0000029babf10000, 0x0000029badf10000)
 Next Bits: [0x0000029ba9f10000, 0x0000029babf10000)

Polling page: 0x0000029b94740000

Metaspace:

Usage:
  Non-class:     56.01 MB used.
      Class:      8.85 MB used.
       Both:     64.87 MB used.

Virtual space:
  Non-class space:       64.00 MB reserved,      56.31 MB ( 88%) committed,  1 nodes.
      Class space:        1.00 GB reserved,       9.12 MB ( <1%) committed,  1 nodes.
             Both:        1.06 GB reserved,      65.44 MB (  6%) committed. 

Chunk freelists:
   Non-Class:  7.54 MB
       Class:  6.91 MB
        Both:  14.46 MB

MaxMetaspaceSize: unlimited
CompressedClassSpaceSize: 1.00 GB
Initial GC threshold: 21.00 MB
Current GC threshold: 107.75 MB
CDS: off
MetaspaceReclaimPolicy: balanced
 - commit_granule_bytes: 65536.
 - commit_granule_words: 8192.
 - virtual_space_node_default_size: 8388608.
 - enlarge_chunks_in_place: 1.
 - new_chunks_are_fully_committed: 0.
 - uncommit_free_chunks: 1.
 - use_allocation_guard: 0.
 - handle_deallocations: 1.


Internal statistics:

num_allocs_failed_limit: 9.
num_arena_births: 710.
num_arena_deaths: 0.
num_vsnodes_births: 2.
num_vsnodes_deaths: 0.
num_space_committed: 1047.
num_space_uncommitted: 0.
num_chunks_returned_to_freelist: 9.
num_chunks_taken_from_freelist: 2845.
num_chunk_merges: 6.
num_chunk_splits: 1849.
num_chunks_enlarged: 1226.
num_inconsistent_stats: 0.

CodeHeap 'non-profiled nmethods': size=119168Kb used=3740Kb max_used=3740Kb free=115427Kb
 bounds [0x0000029ba0ef0000, 0x0000029ba12a0000, 0x0000029ba8350000]
CodeHeap 'profiled nmethods': size=119104Kb used=13313Kb max_used=13313Kb free=105791Kb
 bounds [0x0000029b99350000, 0x0000029b9a060000, 0x0000029ba07a0000]
CodeHeap 'non-nmethods': size=7488Kb used=3363Kb max_used=3404Kb free=4124Kb
 bounds [0x0000029ba07a0000, 0x0000029ba0b00000, 0x0000029ba0ef0000]
 total_blobs=7908 nmethods=7149 adapters=667
 compilation: enabled
              stopped_count=0, restarted_count=0
 full_count=0

Compilation events (20 events):
Event: 7.465 Thread 0x0000029bb12fd0f0 nmethod 7819 0x0000029b9a04d510 code [0x0000029b9a04d6e0, 0x0000029b9a04da68]
Event: 7.465 Thread 0x0000029bb860f770 nmethod 7805 0x0000029ba1296210 code [0x0000029ba12963c0, 0x0000029ba1296630]
Event: 7.465 Thread 0x0000029bb11ae120 7820       3       java.lang.invoke.LambdaFormBuffer::insertExpression (30 bytes)
Event: 7.465 Thread 0x0000029bb11ae120 nmethod 7820 0x0000029b9a04dc10 code [0x0000029b9a04ddc0, 0x0000029b9a04df28]
Event: 7.472 Thread 0x0000029bb11ae120 7821       3       org.gradle.internal.ImmutableActionSet::empty (10 bytes)
Event: 7.472 Thread 0x0000029bb11ae120 nmethod 7821 0x0000029b9a04e010 code [0x0000029b9a04e1a0, 0x0000029b9a04e2f8]
Event: 7.474 Thread 0x0000029bb11ae120 7822       3       jdk.internal.loader.URLClassPath::findResource (38 bytes)
Event: 7.474 Thread 0x0000029bb11ae120 nmethod 7822 0x0000029b9a04e390 code [0x0000029b9a04e560, 0x0000029b9a04e898]
Event: 7.479 Thread 0x0000029bb134de60 7823       3       java.lang.String::lastIndexOf (104 bytes)
Event: 7.479 Thread 0x0000029bb134de60 nmethod 7823 0x0000029b9a04ea10 code [0x0000029b9a04ec20, 0x0000029b9a04f188]
Event: 7.489 Thread 0x0000029bb134de60 7824       3       org.gradle.internal.instantiation.generator.AsmBackedClassGenerator$ClassBuilderImpl::access$1600 (4 bytes)
Event: 7.489 Thread 0x0000029bb134de60 nmethod 7824 0x0000029b9a04f390 code [0x0000029b9a04f520, 0x0000029b9a04f618]
Event: 7.491 Thread 0x0000029bb860dce0 7825       4       java.nio.HeapByteBuffer::getShort (29 bytes)
Event: 7.491 Thread 0x0000029bb11ae120 7826       3       org.objectweb.asm.SymbolTable::addConstantInteger (7 bytes)
Event: 7.491 Thread 0x0000029bb11ae120 nmethod 7826 0x0000029b9a04f690 code [0x0000029b9a04f820, 0x0000029b9a04f968]
Event: 7.492 Thread 0x0000029bb11ae120 7827       3       org.objectweb.asm.SymbolTable::addConstantIntegerOrFloat (100 bytes)
Event: 7.492 Thread 0x0000029bb860e780 7828       4       org.objectweb.asm.SymbolTable::addConstantMethodref (24 bytes)
Event: 7.492 Thread 0x0000029bb11ae120 nmethod 7827 0x0000029b9a04fa10 code [0x0000029b9a04fc20, 0x0000029b9a050158]
Event: 7.492 Thread 0x0000029bb860e780 nmethod 7828 0x0000029ba1296990 code [0x0000029ba1296b20, 0x0000029ba1296be8]
Event: 7.492 Thread 0x0000029bb860dce0 nmethod 7825 0x0000029ba1296c90 code [0x0000029ba1296e00, 0x0000029ba1296f18]

GC Heap History (20 events):
Event: 4.391 GC heap after
{Heap after GC invocations=13 (full 0):
 garbage-first heap   total 71680K, used 33094K [0x0000000080000000, 0x0000000100000000)
  region size 1024K, 3 young (3072K), 3 survivors (3072K)
 Metaspace       used 48145K, committed 48576K, reserved 1114112K
  class space    used 6577K, committed 6784K, reserved 1048576K
}
Event: 4.693 GC heap before
{Heap before GC invocations=13 (full 0):
 garbage-first heap   total 71680K, used 57670K [0x0000000080000000, 0x0000000100000000)
  region size 1024K, 27 young (27648K), 3 survivors (3072K)
 Metaspace       used 51412K, committed 51840K, reserved 1114112K
  class space    used 7091K, committed 7296K, reserved 1048576K
}
Event: 4.696 GC heap after
{Heap after GC invocations=14 (full 0):
 garbage-first heap   total 89088K, used 34539K [0x0000000080000000, 0x0000000100000000)
  region size 1024K, 3 young (3072K), 3 survivors (3072K)
 Metaspace       used 51412K, committed 51840K, reserved 1114112K
  class space    used 7091K, committed 7296K, reserved 1048576K
}
Event: 5.183 GC heap before
{Heap before GC invocations=14 (full 0):
 garbage-first heap   total 89088K, used 71403K [0x0000000080000000, 0x0000000100000000)
  region size 1024K, 38 young (38912K), 3 survivors (3072K)
 Metaspace       used 57399K, committed 57920K, reserved 1114112K
  class space    used 7819K, committed 8064K, reserved 1048576K
}
Event: 5.187 GC heap after
{Heap after GC invocations=15 (full 0):
 garbage-first heap   total 89088K, used 37153K [0x0000000080000000, 0x0000000100000000)
  region size 1024K, 5 young (5120K), 5 survivors (5120K)
 Metaspace       used 57399K, committed 57920K, reserved 1114112K
  class space    used 7819K, committed 8064K, reserved 1048576K
}
Event: 5.395 GC heap before
{Heap before GC invocations=15 (full 0):
 garbage-first heap   total 89088K, used 49441K [0x0000000080000000, 0x0000000100000000)
  region size 1024K, 18 young (18432K), 5 survivors (5120K)
 Metaspace       used 59703K, committed 60160K, reserved 1114112K
  class space    used 8123K, committed 8320K, reserved 1048576K
}
Event: 5.400 GC heap after
{Heap after GC invocations=16 (full 0):
 garbage-first heap   total 89088K, used 38569K [0x0000000080000000, 0x0000000100000000)
  region size 1024K, 4 young (4096K), 4 survivors (4096K)
 Metaspace       used 59703K, committed 60160K, reserved 1114112K
  class space    used 8123K, committed 8320K, reserved 1048576K
}
Event: 6.780 GC heap before
{Heap before GC invocations=17 (full 0):
 garbage-first heap   total 89088K, used 68265K [0x0000000080000000, 0x0000000100000000)
  region size 1024K, 34 young (34816K), 4 survivors (4096K)
 Metaspace       used 63614K, committed 64128K, reserved 1114112K
  class space    used 8694K, committed 8960K, reserved 1048576K
}
Event: 6.786 GC heap after
{Heap after GC invocations=18 (full 0):
 garbage-first heap   total 89088K, used 43165K [0x0000000080000000, 0x0000000100000000)
  region size 1024K, 5 young (5120K), 5 survivors (5120K)
 Metaspace       used 63614K, committed 64128K, reserved 1114112K
  class space    used 8694K, committed 8960K, reserved 1048576K
}
Event: 6.866 GC heap before
{Heap before GC invocations=18 (full 0):
 garbage-first heap   total 89088K, used 67741K [0x0000000080000000, 0x0000000100000000)
  region size 1024K, 30 young (30720K), 5 survivors (5120K)
 Metaspace       used 63804K, committed 64320K, reserved 1114112K
  class space    used 8697K, committed 8960K, reserved 1048576K
}
Event: 6.869 GC heap after
{Heap after GC invocations=19 (full 0):
 garbage-first heap   total 89088K, used 45921K [0x0000000080000000, 0x0000000100000000)
  region size 1024K, 4 young (4096K), 4 survivors (4096K)
 Metaspace       used 63804K, committed 64320K, reserved 1114112K
  class space    used 8697K, committed 8960K, reserved 1048576K
}
Event: 6.992 GC heap before
{Heap before GC invocations=19 (full 0):
 garbage-first heap   total 89088K, used 55137K [0x0000000080000000, 0x0000000100000000)
  region size 1024K, 15 young (15360K), 4 survivors (4096K)
 Metaspace       used 64062K, committed 64576K, reserved 1114112K
  class space    used 8733K, committed 8960K, reserved 1048576K
}
Event: 6.994 GC heap after
{Heap after GC invocations=20 (full 0):
 garbage-first heap   total 89088K, used 46300K [0x0000000080000000, 0x0000000100000000)
  region size 1024K, 2 young (2048K), 2 survivors (2048K)
 Metaspace       used 64062K, committed 64576K, reserved 1114112K
  class space    used 8733K, committed 8960K, reserved 1048576K
}
Event: 7.324 GC heap before
{Heap before GC invocations=21 (full 0):
 garbage-first heap   total 89088K, used 80092K [0x0000000080000000, 0x0000000100000000)
  region size 1024K, 23 young (23552K), 2 survivors (2048K)
 Metaspace       used 65135K, committed 65664K, reserved 1114112K
  class space    used 8906K, committed 9152K, reserved 1048576K
}
Event: 7.326 GC heap after
{Heap after GC invocations=22 (full 0):
 garbage-first heap   total 92160K, used 66418K [0x0000000080000000, 0x0000000100000000)
  region size 1024K, 3 young (3072K), 3 survivors (3072K)
 Metaspace       used 65135K, committed 65664K, reserved 1114112K
  class space    used 8906K, committed 9152K, reserved 1048576K
}
Event: 7.334 GC heap before
{Heap before GC invocations=22 (full 0):
 garbage-first heap   total 92160K, used 66418K [0x0000000080000000, 0x0000000100000000)
  region size 1024K, 4 young (4096K), 3 survivors (3072K)
 Metaspace       used 65199K, committed 65792K, reserved 1114112K
  class space    used 8919K, committed 9216K, reserved 1048576K
}
Event: 7.337 GC heap after
{Heap after GC invocations=23 (full 0):
 garbage-first heap   total 92160K, used 64827K [0x0000000080000000, 0x0000000100000000)
  region size 1024K, 1 young (1024K), 1 survivors (1024K)
 Metaspace       used 65199K, committed 65792K, reserved 1114112K
  class space    used 8919K, committed 9216K, reserved 1048576K
}
Event: 7.382 GC heap before
{Heap before GC invocations=23 (full 0):
 garbage-first heap   total 92160K, used 68923K [0x0000000080000000, 0x0000000100000000)
  region size 1024K, 7 young (7168K), 1 survivors (1024K)
 Metaspace       used 65585K, committed 66112K, reserved 1114112K
  class space    used 8951K, committed 9216K, reserved 1048576K
}
Event: 7.383 GC heap after
{Heap after GC invocations=24 (full 0):
 garbage-first heap   total 92160K, used 65252K [0x0000000080000000, 0x0000000100000000)
  region size 1024K, 1 young (1024K), 1 survivors (1024K)
 Metaspace       used 65585K, committed 66112K, reserved 1114112K
  class space    used 8951K, committed 9216K, reserved 1048576K
}
Event: 7.493 GC heap before
{Heap before GC invocations=25 (full 0):
 garbage-first heap   total 116736K, used 76516K [0x0000000080000000, 0x0000000100000000)
  region size 1024K, 12 young (12288K), 1 survivors (1024K)
 Metaspace       used 66423K, committed 67008K, reserved 1114112K
  class space    used 9064K, committed 9344K, reserved 1048576K
}

Dll operation events (3 events):
Event: 0.006 Loaded shared library C:\Program Files\Android\Android Studio\jbr\bin\java.dll
Event: 0.105 Loaded shared library C:\Program Files\Android\Android Studio\jbr\bin\zip.dll
Event: 0.332 Loaded shared library C:\Program Files\Android\Android Studio\jbr\bin\verify.dll

Deoptimization events (20 events):
Event: 7.303 Thread 0x0000029bb184eff0 DEOPT PACKING pc=0x0000029ba1048398 sp=0x000000dca51f69f0
Event: 7.303 Thread 0x0000029bb184eff0 DEOPT UNPACKING pc=0x0000029ba07f69a3 sp=0x000000dca51f6960 mode 2
Event: 7.305 Thread 0x0000029bb184eff0 Uncommon trap: trap_request=0xffffffc6 fr.pc=0x0000029ba1023934 relative=0x00000000000009b4
Event: 7.305 Thread 0x0000029bb184eff0 Uncommon trap: reason=bimorphic_or_optimized_type_check action=maybe_recompile pc=0x0000029ba1023934 method=java.io.BufferedInputStream.read1([BII)I @ 39 c2
Event: 7.305 Thread 0x0000029bb184eff0 DEOPT PACKING pc=0x0000029ba1023934 sp=0x000000dca51f6950
Event: 7.305 Thread 0x0000029bb184eff0 DEOPT UNPACKING pc=0x0000029ba07f69a3 sp=0x000000dca51f6868 mode 2
Event: 7.305 Thread 0x0000029bb184eff0 Uncommon trap: trap_request=0xffffffc6 fr.pc=0x0000029ba1023934 relative=0x00000000000009b4
Event: 7.305 Thread 0x0000029bb184eff0 Uncommon trap: reason=bimorphic_or_optimized_type_check action=maybe_recompile pc=0x0000029ba1023934 method=java.io.BufferedInputStream.read1([BII)I @ 39 c2
Event: 7.305 Thread 0x0000029bb184eff0 DEOPT PACKING pc=0x0000029ba1023934 sp=0x000000dca51f6950
Event: 7.305 Thread 0x0000029bb184eff0 DEOPT UNPACKING pc=0x0000029ba07f69a3 sp=0x000000dca51f6868 mode 2
Event: 7.305 Thread 0x0000029bb184eff0 Uncommon trap: trap_request=0xffffffc6 fr.pc=0x0000029ba1023934 relative=0x00000000000009b4
Event: 7.305 Thread 0x0000029bb184eff0 Uncommon trap: reason=bimorphic_or_optimized_type_check action=maybe_recompile pc=0x0000029ba1023934 method=java.io.BufferedInputStream.read1([BII)I @ 39 c2
Event: 7.305 Thread 0x0000029bb184eff0 DEOPT PACKING pc=0x0000029ba1023934 sp=0x000000dca51f6950
Event: 7.305 Thread 0x0000029bb184eff0 DEOPT UNPACKING pc=0x0000029ba07f69a3 sp=0x000000dca51f6868 mode 2
Event: 7.360 Thread 0x0000029bb184eff0 Uncommon trap: trap_request=0xffffffde fr.pc=0x0000029ba1048398 relative=0x0000000000002778
Event: 7.360 Thread 0x0000029bb184eff0 Uncommon trap: reason=class_check action=maybe_recompile pc=0x0000029ba1048398 method=java.util.jar.JarFile.getManifestFromReference()Ljava/util/jar/Manifest; @ 152 c2
Event: 7.360 Thread 0x0000029bb184eff0 DEOPT PACKING pc=0x0000029ba1048398 sp=0x000000dca51f6240
Event: 7.360 Thread 0x0000029bb184eff0 DEOPT UNPACKING pc=0x0000029ba07f69a3 sp=0x000000dca51f61b0 mode 2
Event: 7.411 Thread 0x0000029bb184eff0 DEOPT PACKING pc=0x0000029b99c91bc2 sp=0x000000dca51f5d40
Event: 7.411 Thread 0x0000029bb184eff0 DEOPT UNPACKING pc=0x0000029ba07f7143 sp=0x000000dca51f5250 mode 0

Classes unloaded (0 events):
No events

Classes redefined (0 events):
No events

Internal exceptions (20 events):
Event: 5.110 Thread 0x0000029bb184eff0 Exception <a 'sun/nio/fs/WindowsException'{0x000000008383e608}> (0x000000008383e608) 
thrown [s\src\hotspot\share\prims\jni.cpp, line 517]
Event: 5.702 Thread 0x0000029bb184eff0 Implicit null exception at 0x0000029ba0f30a72 to 0x0000029ba0f31058
Event: 6.706 Thread 0x0000029bb184eff0 Exception <a 'java/lang/NoSuchMethodError'{0x0000000083eb7810}: 'java.lang.Object java.lang.invoke.DirectMethodHandle$Holder.newInvokeSpecial(java.lang.Object, java.lang.Object, java.lang.Object, java.lang.Object, int, java.lang.Object)'> (0x0000000083eb7810) 
thrown [s\src\hotspot\share\interpreter\linkResolver.cpp, line 771]
Event: 6.706 Thread 0x0000029bb184eff0 Exception <a 'java/lang/NoSuchMethodError'{0x0000000083ebcb20}: 'java.lang.Object java.lang.invoke.Invokers$Holder.linkToTargetMethod(java.lang.Object, java.lang.Object, java.lang.Object, int, java.lang.Object, java.lang.Object)'> (0x0000000083ebcb20) 
thrown [s\src\hotspot\share\interpreter\linkResolver.cpp, line 771]
Event: 6.788 Thread 0x0000029bb0fcbe60 Implicit null exception at 0x0000029ba0fa47dd to 0x0000029ba0fa4948
Event: 6.912 Thread 0x0000029bb184eff0 Exception <a 'java/lang/NoSuchMethodError'{0x000000008c6f6630}: 'long java.lang.invoke.DirectMethodHandle$Holder.invokeVirtual(java.lang.Object, java.lang.Object)'> (0x000000008c6f6630) 
thrown [s\src\hotspot\share\interpreter\linkResolver.cpp, line 771]
Event: 6.919 Thread 0x0000029bb1850430 Exception <a 'java/lang/NoSuchMethodError'{0x000000008c54ab40}: static Lorg/gradle/internal/build/event/types/DefaultOperationFinishedProgressEvent;.<clinit>()V> (0x000000008c54ab40) 
thrown [s\src\hotspot\share\prims\jni.cpp, line 1108]
Event: 6.923 Thread 0x0000029bb1850430 Exception <a 'java/lang/NoSuchMethodError'{0x000000008c5795b8}: static Lorg/gradle/internal/build/event/types/DefaultProjectConfigurationSuccessResult;.<clinit>()V> (0x000000008c5795b8) 
thrown [s\src\hotspot\share\prims\jni.cpp, line 1108]
Event: 6.923 Thread 0x0000029bb1850430 Exception <a 'java/lang/NoSuchMethodError'{0x000000008c57ab50}: static Lorg/gradle/internal/build/event/types/AbstractProjectConfigurationResult;.<clinit>()V> (0x000000008c57ab50) 
thrown [s\src\hotspot\share\prims\jni.cpp, line 1108]
Event: 6.923 Thread 0x0000029bb1850430 Exception <a 'java/lang/NoSuchMethodError'{0x000000008c57c298}: static Lorg/gradle/internal/build/event/types/AbstractOperationResult;.<clinit>()V> (0x000000008c57c298) 
thrown [s\src\hotspot\share\prims\jni.cpp, line 1108]
Event: 6.923 Thread 0x0000029bb1850430 Exception <a 'java/lang/NoSuchMethodError'{0x000000008c57d710}: static Lorg/gradle/internal/build/event/types/AbstractResult;.<clinit>()V> (0x000000008c57d710) 
thrown [s\src\hotspot\share\prims\jni.cpp, line 1108]
Event: 6.925 Thread 0x0000029bb1850430 Exception <a 'java/lang/NoSuchMethodError'{0x000000008c596ea8}: static Lorg/gradle/internal/build/event/types/DefaultPluginApplicationResult;.<clinit>()V> (0x000000008c596ea8) 
thrown [s\src\hotspot\share\prims\jni.cpp, line 1108]
Event: 6.926 Thread 0x0000029bb1850430 Exception <a 'java/lang/NoSuchMethodError'{0x000000008c5a3898}: static Lorg/gradle/internal/build/event/types/DefaultBinaryPluginIdentifier;.<clinit>()V> (0x000000008c5a3898) 
thrown [s\src\hotspot\share\prims\jni.cpp, line 1108]
Event: 6.928 Thread 0x0000029bb1850430 Exception <a 'java/lang/NoSuchMethodError'{0x000000008c5fea90}: static Lorg/gradle/internal/build/event/types/DefaultScriptPluginIdentifier;.<clinit>()V> (0x000000008c5fea90) 
thrown [s\src\hotspot\share\prims\jni.cpp, line 1108]
Event: 6.980 Thread 0x0000029bb184eff0 Implicit null exception at 0x0000029ba11c2a12 to 0x0000029ba11c325c
Event: 7.060 Thread 0x0000029bb184eff0 Exception <a 'java/lang/NoSuchMethodError'{0x000000008c879278}: 'void java.lang.invoke.Invokers$Holder.invoke_MT(java.lang.Object, java.lang.Object, java.lang.Object, java.lang.Object)'> (0x000000008c879278) 
thrown [s\src\hotspot\share\interpreter\linkResolver.cpp, line 771]
Event: 7.068 Thread 0x0000029bb184eff0 Exception <a 'java/lang/NoSuchMethodError'{0x000000008c8c51b8}: 'java.lang.Object java.lang.invoke.DirectMethodHandle$Holder.invokeSpecial(java.lang.Object, java.lang.Object, java.lang.Object, int, java.lang.Object, java.lang.Object)'> (0x000000008c8c51b8) 
thrown [s\src\hotspot\share\interpreter\linkResolver.cpp, line 771]
Event: 7.221 Thread 0x0000029bb184eff0 Exception <a 'java/lang/ClassNotFoundException'{0x00000000849a6c90}: sun/misc/SharedSecrets> (0x00000000849a6c90) 
thrown [s\src\hotspot\share\classfile\systemDictionary.cpp, line 256]
Event: 7.221 Thread 0x0000029bb184eff0 Exception <a 'java/lang/ClassNotFoundException'{0x00000000849a84e0}: org/gradle/api/internal/plugins/DefaultObjectConfigurationActionBeanInfo> (0x00000000849a84e0) 
thrown [s\src\hotspot\share\classfile\systemDictionary.cpp, line 256]
Event: 7.222 Thread 0x0000029bb184eff0 Exception <a 'java/lang/ClassNotFoundException'{0x00000000849bef30}: org/gradle/api/internal/plugins/DefaultObjectConfigurationActionCustomizer> (0x00000000849bef30) 
thrown [s\src\hotspot\share\classfile\systemDictionary.cpp, line 256]

VM Operations (20 events):
Event: 6.979 Executing VM operation: ICBufferFull done
Event: 6.992 Executing VM operation: G1TryInitiateConcMark
Event: 6.994 Executing VM operation: G1TryInitiateConcMark done
Event: 7.007 Executing VM operation: G1PauseRemark
Event: 7.010 Executing VM operation: G1PauseRemark done
Event: 7.019 Executing VM operation: G1PauseCleanup
Event: 7.019 Executing VM operation: G1PauseCleanup done
Event: 7.299 Executing VM operation: HandshakeAllThreads
Event: 7.299 Executing VM operation: HandshakeAllThreads done
Event: 7.323 Executing VM operation: G1CollectForAllocation
Event: 7.326 Executing VM operation: G1CollectForAllocation done
Event: 7.334 Executing VM operation: G1CollectForAllocation
Event: 7.337 Executing VM operation: G1CollectForAllocation done
Event: 7.382 Executing VM operation: G1TryInitiateConcMark
Event: 7.383 Executing VM operation: G1TryInitiateConcMark done
Event: 7.397 Executing VM operation: G1PauseRemark
Event: 7.401 Executing VM operation: G1PauseRemark done
Event: 7.410 Executing VM operation: G1PauseCleanup
Event: 7.410 Executing VM operation: G1PauseCleanup done
Event: 7.493 Executing VM operation: G1CollectForAllocation

Events (20 events):
Event: 6.787 loading class sun/security/ssl/Alert$AlertConsumer done
Event: 6.788 loading class sun/security/ssl/Alert$Level
Event: 6.788 loading class sun/security/ssl/Alert$Level done
Event: 6.835 Thread 0x0000029bb860f770 Thread added: 0x0000029bb860f770
Event: 6.849 Thread 0x0000029bb137a060 Thread added: 0x0000029bb137a060
Event: 6.853 Thread 0x0000029bb137baf0 Thread added: 0x0000029bb137baf0
Event: 6.875 Thread 0x0000029bb137ab00 Thread added: 0x0000029bb137ab00
Event: 6.915 loading class java/util/stream/SortedOps$RefSortingSink
Event: 6.915 loading class java/util/stream/SortedOps$RefSortingSink done
Event: 6.927 loading class java/time/Ser
Event: 6.927 loading class java/time/Ser done
Event: 6.973 Thread 0x0000029bb9f64810 Thread added: 0x0000029bb9f64810
Event: 6.974 Thread 0x0000029bb9c92030 Thread added: 0x0000029bb9c92030
Event: 7.119 Thread 0x0000029bb137ab00 Thread exited: 0x0000029bb137ab00
Event: 7.221 loading class sun/misc/SharedSecrets
Event: 7.221 loading class sun/misc/SharedSecrets done
Event: 7.300 Thread 0x0000029bb11ae730 flushing nmethod 0x0000029b9947c810
Event: 7.402 Thread 0x0000029bb137baf0 Thread exited: 0x0000029bb137baf0
Event: 7.460 loading class java/util/regex/Pattern$1
Event: 7.460 loading class java/util/regex/Pattern$1 done


Dynamic libraries:
0x00007ff71ed60000 - 0x00007ff71ed6a000 	C:\Program Files\Android\Android Studio\jbr\bin\java.exe
0x00007ffc59ef0000 - 0x00007ffc5a106000 	C:\WINDOWS\SYSTEM32\ntdll.dll
0x00007ffc58d80000 - 0x00007ffc58e44000 	C:\WINDOWS\System32\KERNEL32.DLL
0x00007ffc57500000 - 0x00007ffc578a7000 	C:\WINDOWS\System32\KERNELBASE.dll
0x00007ffc57210000 - 0x00007ffc57321000 	C:\WINDOWS\System32\ucrtbase.dll
0x00007ffc27bd0000 - 0x00007ffc27be7000 	C:\Program Files\Android\Android Studio\jbr\bin\jli.dll
0x00007ffc07c10000 - 0x00007ffc07c2b000 	C:\Program Files\Android\Android Studio\jbr\bin\VCRUNTIME140.dll
0x00007ffc57e90000 - 0x00007ffc5803e000 	C:\WINDOWS\System32\USER32.dll
0x00007ffc57360000 - 0x00007ffc57386000 	C:\WINDOWS\System32\win32u.dll
0x00007ffc4e590000 - 0x00007ffc4e823000 	C:\WINDOWS\WinSxS\amd64_microsoft.windows.common-controls_6595b64144ccf1df_6.0.22621.3235_none_270f74e173860f98\COMCTL32.dll
0x00007ffc58c40000 - 0x00007ffc58c69000 	C:\WINDOWS\System32\GDI32.dll
0x00007ffc585e0000 - 0x00007ffc58687000 	C:\WINDOWS\System32\msvcrt.dll
0x00007ffc579e0000 - 0x00007ffc57af9000 	C:\WINDOWS\System32\gdi32full.dll
0x00007ffc57b00000 - 0x00007ffc57b9a000 	C:\WINDOWS\System32\msvcp_win.dll
0x00007ffc58410000 - 0x00007ffc58441000 	C:\WINDOWS\System32\IMM32.DLL
0x00007ffc1dd20000 - 0x00007ffc1dd2c000 	C:\Program Files\Android\Android Studio\jbr\bin\vcruntime140_1.dll
0x00007ffbf7400000 - 0x00007ffbf748d000 	C:\Program Files\Android\Android Studio\jbr\bin\msvcp140.dll
0x00007ffbeff10000 - 0x00007ffbf0b93000 	C:\Program Files\Android\Android Studio\jbr\bin\server\jvm.dll
0x00007ffc57c20000 - 0x00007ffc57cd2000 	C:\WINDOWS\System32\ADVAPI32.dll
0x00007ffc58450000 - 0x00007ffc584f8000 	C:\WINDOWS\System32\sechost.dll
0x00007ffc57330000 - 0x00007ffc57358000 	C:\WINDOWS\System32\bcrypt.dll
0x00007ffc58040000 - 0x00007ffc58155000 	C:\WINDOWS\System32\RPCRT4.dll
0x00007ffc522a0000 - 0x00007ffc522a9000 	C:\WINDOWS\SYSTEM32\WSOCK32.dll
0x00007ffc4de10000 - 0x00007ffc4de1a000 	C:\WINDOWS\SYSTEM32\VERSION.dll
0x00007ffc4efb0000 - 0x00007ffc4efe4000 	C:\WINDOWS\SYSTEM32\WINMM.dll
0x00007ffc58500000 - 0x00007ffc58571000 	C:\WINDOWS\System32\WS2_32.dll
0x00007ffc560b0000 - 0x00007ffc560fd000 	C:\WINDOWS\SYSTEM32\POWRPROF.dll
0x00007ffc56090000 - 0x00007ffc560a3000 	C:\WINDOWS\SYSTEM32\UMPDC.dll
0x00007ffc56340000 - 0x00007ffc56358000 	C:\WINDOWS\SYSTEM32\kernel.appcore.dll
0x00007ffc52290000 - 0x00007ffc5229a000 	C:\Program Files\Android\Android Studio\jbr\bin\jimage.dll
0x00007ffc54bb0000 - 0x00007ffc54de3000 	C:\WINDOWS\SYSTEM32\DBGHELP.DLL
0x00007ffc58e50000 - 0x00007ffc591d8000 	C:\WINDOWS\System32\combase.dll
0x00007ffc586d0000 - 0x00007ffc587a7000 	C:\WINDOWS\System32\OLEAUT32.dll
0x00007ffc44cc0000 - 0x00007ffc44cf2000 	C:\WINDOWS\SYSTEM32\dbgcore.DLL
0x00007ffc57ba0000 - 0x00007ffc57c19000 	C:\WINDOWS\System32\bcryptPrimitives.dll
0x00007ffc3ded0000 - 0x00007ffc3dede000 	C:\Program Files\Android\Android Studio\jbr\bin\instrument.dll
0x00007ffc4cc50000 - 0x00007ffc4cc75000 	C:\Program Files\Android\Android Studio\jbr\bin\java.dll
0x00007ffc4f850000 - 0x00007ffc4f868000 	C:\Program Files\Android\Android Studio\jbr\bin\zip.dll
0x00007ffc59410000 - 0x00007ffc59c6c000 	C:\WINDOWS\System32\SHELL32.dll
0x00007ffc55110000 - 0x00007ffc55a09000 	C:\WINDOWS\SYSTEM32\windows.storage.dll
0x00007ffc54fd0000 - 0x00007ffc5510e000 	C:\WINDOWS\SYSTEM32\wintypes.dll
0x00007ffc58310000 - 0x00007ffc58403000 	C:\WINDOWS\System32\SHCORE.dll
0x00007ffc58580000 - 0x00007ffc585de000 	C:\WINDOWS\System32\shlwapi.dll
0x00007ffc57140000 - 0x00007ffc57161000 	C:\WINDOWS\SYSTEM32\profapi.dll
0x00007ffc45650000 - 0x00007ffc45669000 	C:\Program Files\Android\Android Studio\jbr\bin\net.dll
0x00007ffc508e0000 - 0x00007ffc50a16000 	C:\WINDOWS\SYSTEM32\WINHTTP.dll
0x00007ffc567b0000 - 0x00007ffc56819000 	C:\WINDOWS\system32\mswsock.dll
0x00007ffc45200000 - 0x00007ffc45216000 	C:\Program Files\Android\Android Studio\jbr\bin\nio.dll
0x00007ffc47610000 - 0x00007ffc47620000 	C:\Program Files\Android\Android Studio\jbr\bin\verify.dll
0x00007ffc07dd0000 - 0x00007ffc07df7000 	C:\Users\ADMIN\.gradle\native\c067742578af261105cb4f569cf0c3c89f3d7b1fecec35dd04571415982c5e48\windows-amd64\native-platform.dll
0x00007ffbf72b0000 - 0x00007ffbf73f4000 	C:\Users\ADMIN\.gradle\native\38dada09dfb8b06ba9b0570ebf7e218e3eb74d4ef43ca46872605cf95ebc2f47\windows-amd64\native-platform-file-events.dll
0x00007ffc45640000 - 0x00007ffc45649000 	C:\Program Files\Android\Android Studio\jbr\bin\management.dll
0x00007ffc451b0000 - 0x00007ffc451bb000 	C:\Program Files\Android\Android Studio\jbr\bin\management_ext.dll
0x00007ffc586c0000 - 0x00007ffc586c8000 	C:\WINDOWS\System32\PSAPI.DLL
0x00007ffc56a10000 - 0x00007ffc56a2b000 	C:\WINDOWS\SYSTEM32\CRYPTSP.dll
0x00007ffc562a0000 - 0x00007ffc562d5000 	C:\WINDOWS\system32\rsaenh.dll
0x00007ffc568b0000 - 0x00007ffc568d8000 	C:\WINDOWS\SYSTEM32\USERENV.dll
0x00007ffc56a30000 - 0x00007ffc56a3c000 	C:\WINDOWS\SYSTEM32\CRYPTBASE.dll
0x00007ffc55cf0000 - 0x00007ffc55d1d000 	C:\WINDOWS\SYSTEM32\IPHLPAPI.DLL
0x00007ffc58c30000 - 0x00007ffc58c39000 	C:\WINDOWS\System32\NSI.dll
0x00007ffc50700000 - 0x00007ffc50719000 	C:\WINDOWS\SYSTEM32\dhcpcsvc6.DLL
0x00007ffc50720000 - 0x00007ffc5073f000 	C:\WINDOWS\SYSTEM32\dhcpcsvc.DLL
0x00007ffc55d60000 - 0x00007ffc55e59000 	C:\WINDOWS\SYSTEM32\DNSAPI.dll
0x00007ffc45de0000 - 0x00007ffc45de9000 	C:\Program Files\Android\Android Studio\jbr\bin\extnet.dll
0x00007ffc3b060000 - 0x00007ffc3b068000 	C:\WINDOWS\system32\wshunix.dll
0x00007ffc4ef00000 - 0x00007ffc4ef0a000 	C:\Windows\System32\rasadhlp.dll
0x00007ffc4f320000 - 0x00007ffc4f3a3000 	C:\WINDOWS\System32\fwpuclnt.dll

dbghelp: loaded successfully - version: 4.0.5 - missing functions: none
symbol engine: initialized successfully - sym options: 0x614 - pdb path: .;C:\Program Files\Android\Android Studio\jbr\bin;C:\WINDOWS\SYSTEM32;C:\WINDOWS\WinSxS\amd64_microsoft.windows.common-controls_6595b64144ccf1df_6.0.22621.3235_none_270f74e173860f98;C:\Program Files\Android\Android Studio\jbr\bin\server;C:\Users\ADMIN\.gradle\native\c067742578af261105cb4f569cf0c3c89f3d7b1fecec35dd04571415982c5e48\windows-amd64;C:\Users\ADMIN\.gradle\native\38dada09dfb8b06ba9b0570ebf7e218e3eb74d4ef43ca46872605cf95ebc2f47\windows-amd64

VM Arguments:
jvm_args: --add-opens=java.base/java.util=ALL-UNNAMED --add-opens=java.base/java.lang=ALL-UNNAMED --add-opens=java.base/java.lang.invoke=ALL-UNNAMED --add-opens=java.prefs/java.util.prefs=ALL-UNNAMED --add-opens=java.base/java.nio.charset=ALL-UNNAMED --add-opens=java.base/java.net=ALL-UNNAMED --add-opens=java.base/java.util.concurrent.atomic=ALL-UNNAMED -Xmx2048m -Dfile.encoding=UTF-8 -Duser.country=US -Duser.language=en -Duser.variant -javaagent:C:\Users\ADMIN\.gradle\wrapper\dists\gradle-8.6-bin\afr5mpiioh2wthjmwnkmdsd5w\gradle-8.6\lib\agents\gradle-instrumentation-agent-8.6.jar 
java_command: org.gradle.launcher.daemon.bootstrap.GradleDaemon 8.6
java_class_path (initial): C:\Users\ADMIN\.gradle\wrapper\dists\gradle-8.6-bin\afr5mpiioh2wthjmwnkmdsd5w\gradle-8.6\lib\gradle-launcher-8.6.jar
Launcher Type: SUN_STANDARD

[Global flags]
     intx CICompilerCount                          = 12                                        {product} {ergonomic}
     uint ConcGCThreads                            = 3                                         {product} {ergonomic}
     uint G1ConcRefinementThreads                  = 13                                        {product} {ergonomic}
   size_t G1HeapRegionSize                         = 1048576                                   {product} {ergonomic}
    uintx GCDrainStackTargetSize                   = 64                                        {product} {ergonomic}
   size_t InitialHeapSize                          = 264241152                                 {product} {ergonomic}
   size_t MarkStackSize                            = 4194304                                   {product} {ergonomic}
   size_t MaxHeapSize                              = 2147483648                                {product} {command line}
   size_t MaxNewSize                               = 1287651328                                {product} {ergonomic}
   size_t MinHeapDeltaBytes                        = 1048576                                   {product} {ergonomic}
   size_t MinHeapSize                              = 8388608                                   {product} {ergonomic}
    uintx NonNMethodCodeHeapSize                   = 7602480                                {pd product} {ergonomic}
    uintx NonProfiledCodeHeapSize                  = 122027880                              {pd product} {ergonomic}
    uintx ProfiledCodeHeapSize                     = 122027880                              {pd product} {ergonomic}
    uintx ReservedCodeCacheSize                    = 251658240                              {pd product} {ergonomic}
     bool SegmentedCodeCache                       = true                                      {product} {ergonomic}
   size_t SoftMaxHeapSize                          = 2147483648                             {manageable} {ergonomic}
     bool UseCompressedClassPointers               = true                           {product lp64_product} {ergonomic}
     bool UseCompressedOops                        = true                           {product lp64_product} {ergonomic}
     bool UseG1GC                                  = true                                      {product} {ergonomic}
     bool UseLargePagesIndividualAllocation        = false                                  {pd product} {ergonomic}

Logging:
Log output configuration:
 #0: stdout all=warning uptime,level,tags
 #1: stderr all=off uptime,level,tags

Environment Variables:
PATH=C:\Program Files\Microsoft MPI\Bin\;C:\Program Files\Common Files\Oracle\Java\javapath;C:\Program Files\Python310\Scripts\;C:\Program Files\Python310\;C:\Program Files (x86)\Common Files\Oracle\Java\javapath;C:\Windows\system32;C:\Windows;C:\Windows\System32\Wbem;C:\Windows\System32\WindowsPowerShell\v1.0\;C:\Windows\System32\OpenSSH\;C:\Program Files (x86)\NVIDIA Corporation\PhysX\Common;C:\Program Files\NVIDIA Corporation\NVIDIA NvDLISR;C:\Program Files (x86)\Microsoft SQL Server\160\DTS\Binn\;C:\Program Files\Azure Data Studio\bin;C:\Program Files\Microsoft SQL Server\Client SDK\ODBC\170\Tools\Binn\;C:\Program Files (x86)\Microsoft SQL Server\150\Tools\Binn\;C:\Program Files\Microsoft SQL Server\150\Tools\Binn\;C:\Program Files\Microsoft SQL Server\150\DTS\Binn\;C:\WINDOWS\system32;C:\WINDOWS;C:\WINDOWS\System32\Wbem;C:\WINDOWS\System32\WindowsPowerShell\v1.0\;C:\WINDOWS\System32\OpenSSH\;C:\Users\ADMIN\Downloads\sqlite-dll-win64-x64-3410200;C:\Program Files\Git\cmd;C:\Program Files (x86)\Microsoft SQL Server\160\Tools\Binn\;C:\Program Files\Microsoft SQL Server\160\Tools\Binn\;C:\Program Files\Microsoft SQL Server\160\DTS\Binn\;C:\Program Files\Docker\Docker\resources\bin;C:\Program Files\nodejs\;C:\Program Files\MySQL\MySQL Shell 8.0\bin\;C:\Users\ADMIN\AppData\Local\Microsoft\WindowsApps;C:\Users\ADMIN\AppData\Local\Programs\Microsoft VS Code\bin;C:\Users\ADMIN\AppData\Local\GitHubDesktop\bin;C:\Users\ADMIN\AppData\Roaming\npm;C:\Program Files\nodejs;C:\Program Files\nodejs;C:\Program Files\apache-maven-3.9.6\bin;C:\Program Files (x86)\NetSarang\Xshell 7\;C:\Program Files\dotnet\;C:\Program Files\Cloudflare\Cloudflare WARP\;C:\Users\ADMIN\AppData\Local\Microsoft\WindowsApps;C:\Users\ADMIN\AppData\Local\Programs\Microsoft VS Code\bin;C:\Program Files\Azure Data Studio\bin;C:\Users\ADMIN\AppData\Local\GitHubDesktop\bin;C:\Users\ADMIN\AppData\Roaming\npm;C:\Users\ADMIN\.dotnet\tools
USERNAME=ADMIN
OS=Windows_NT
PROCESSOR_IDENTIFIER=Intel64 Family 6 Model 154 Stepping 3, GenuineIntel
TMP=C:\Users\ADMIN\AppData\Local\Temp
TEMP=C:\Users\ADMIN\AppData\Local\Temp



Periodic native trim disabled

JNI global refs:
JNI global refs: 35, weak refs: 0

JNI global refs memory usage: 843, weak refs: 841

OOME stack traces (most recent first):
Classloader memory used:
Loader org.gradle.internal.classloader.VisitableURLClassLoader                         : 3519K
Loader bootstrap                                                                       : 3105K
Loader org.gradle.initialization.MixInLegacyTypesClassLoader                           : 1295K
Loader org.gradle.internal.classloader.VisitableURLClassLoader$InstrumentingVisitableURLClassLoader: 214K
Loader jdk.internal.loader.ClassLoaders$PlatformClassLoader                            : 101667B
Loader jdk.internal.loader.ClassLoaders$AppClassLoader                                 : 28740B
Loader jdk.internal.reflect.DelegatingClassLoader                                      : 26011B
Loader org.gradle.internal.classloader.VisitableURLClassLoader                         : 14147B

Classes loaded by more than one classloader:
Class Program                                                                         : loaded 4 times (x 72B)
Class com.google.common.collect.SingletonImmutableList                                : loaded 2 times (x 167B)
Class org.gradle.internal.classpath.ClassPath                                         : loaded 2 times (x 68B)
Class org.gradle.api.internal.classpath.DefaultModuleRegistry                         : loaded 2 times (x 84B)
Class Settings_gradle$1$1                                                             : loaded 2 times (x 72B)
Class com.google.common.collect.ListMultimap                                          : loaded 2 times (x 68B)
Class com.google.common.base.CharMatcher$JavaDigit                                    : loaded 2 times (x 109B)
Class com.google.common.base.CharMatcher$Digit                                        : loaded 2 times (x 110B)
Class com.google.common.collect.AbstractMultimap                                      : loaded 2 times (x 121B)
Class org.gradle.api.Action                                                           : loaded 2 times (x 68B)
Class com.google.common.collect.Lists$StringAsImmutableList                           : loaded 2 times (x 167B)
Class com.google.common.base.CharMatcher                                              : loaded 2 times (x 109B)
Class com.google.common.base.CharMatcher$IsNot                                        : loaded 2 times (x 109B)
Class com.google.common.base.Splitter                                                 : loaded 2 times (x 70B)
Class org.gradle.api.internal.DefaultClassPathProvider                                : loaded 2 times (x 74B)
Class org.gradle.internal.installation.GradleInstallation$1                           : loaded 2 times (x 73B)
Class com.google.common.base.CharMatcher$BitSetMatcher                                : loaded 2 times (x 110B)
Class com.google.common.collect.ImmutableMap$IteratorBasedImmutableMap                : loaded 2 times (x 123B)
Class com.google.common.collect.ImmutableMap                                          : loaded 2 times (x 118B)
Class com.google.common.base.Converter                                                : loaded 2 times (x 88B)
Class com.google.common.base.Predicate                                                : loaded 2 times (x 68B)
Class org.gradle.internal.classloader.FilteringClassLoader                            : loaded 2 times (x 103B)
Class org.gradle.internal.classpath.DefaultClassPath$ImmutableUniqueList$Builder      : loaded 2 times (x 73B)
Class com.google.common.collect.Maps$8                                                : loaded 2 times (x 80B)
Class com.google.common.base.PatternCompiler                                          : loaded 2 times (x 68B)
Class com.google.common.base.CharMatcher$InRange                                      : loaded 2 times (x 109B)
Class com.google.common.collect.BiMap                                                 : loaded 2 times (x 68B)
Class com.google.common.collect.Lists                                                 : loaded 2 times (x 69B)
Class org.gradle.internal.classloader.ClassLoaderVisitor                              : loaded 2 times (x 74B)
Class org.gradle.internal.service.DefaultServiceLocator                               : loaded 2 times (x 81B)
Class org.gradle.internal.service.UnknownServiceException                             : loaded 2 times (x 81B)
Class com.google.common.collect.ArrayListMultimap                                     : loaded 2 times (x 170B)
Class com.google.common.base.Strings                                                  : loaded 2 times (x 69B)
Class org.gradle.internal.classloader.DefaultClassLoaderFactory                       : loaded 2 times (x 80B)
Class com.google.common.collect.UnmodifiableIterator                                  : loaded 2 times (x 78B)
Class com.google.common.base.Platform$JdkPatternCompiler                              : loaded 2 times (x 73B)
Class com.google.common.base.CharMatcher$SingleWidth                                  : loaded 2 times (x 110B)
Class com.google.common.base.JdkPattern                                               : loaded 2 times (x 73B)
Class com.google.common.collect.Multimap                                              : loaded 2 times (x 68B)
Class org.gradle.internal.classloader.VisitableURLClassLoader$Spec                    : loaded 2 times (x 72B)
Class org.gradle.api.GradleException                                                  : loaded 2 times (x 80B)
Class com.google.common.base.CharMatcher$JavaLetterOrDigit                            : loaded 2 times (x 109B)
Class org.gradle.api.internal.classpath.ModuleRegistry                                : loaded 2 times (x 68B)
Class com.google.common.collect.ImmutableCollection                                   : loaded 2 times (x 123B)
Class org.gradle.api.internal.ClassPathProvider                                       : loaded 2 times (x 68B)
Class org.gradle.internal.classloader.ClasspathUtil$1                                 : loaded 2 times (x 74B)
Class com.google.common.collect.ImmutableEnumMap                                      : loaded 2 times (x 123B)
Class com.google.common.collect.ImmutableList$ReverseImmutableList                    : loaded 2 times (x 168B)
Class org.gradle.internal.classloader.ClassLoaderFactory                              : loaded 2 times (x 68B)
Class com.google.common.collect.ObjectArrays                                          : loaded 2 times (x 69B)
Class com.google.common.collect.ImmutableList                                         : loaded 2 times (x 166B)
Class org.gradle.api.internal.classpath.ManifestUtil                                  : loaded 2 times (x 69B)
Class org.gradle.api.specs.Spec                                                       : loaded 2 times (x 68B)
Class com.google.common.base.CharMatcher$Whitespace                                   : loaded 2 times (x 110B)
Class com.google.common.base.Preconditions                                            : loaded 2 times (x 69B)
Class com.google.common.base.Function                                                 : loaded 2 times (x 68B)
Class org.gradle.internal.IoActions                                                   : loaded 2 times (x 69B)
Class com.google.common.collect.CollectPreconditions                                  : loaded 2 times (x 69B)
Class com.google.common.collect.Maps                                                  : loaded 2 times (x 69B)
Class com.google.common.collect.AbstractIndexedListIterator                           : loaded 2 times (x 94B)
Class com.google.common.base.CharMatcher$None                                         : loaded 2 times (x 110B)
Class org.gradle.api.internal.classpath.EffectiveClassPath                            : loaded 2 times (x 88B)
Class com.google.common.collect.UnmodifiableListIterator                              : loaded 2 times (x 93B)
Class com.google.common.collect.ImmutableList$1                                       : loaded 2 times (x 95B)
Class com.google.common.base.Splitter$Strategy                                        : loaded 2 times (x 68B)
Class org.gradle.internal.installation.CurrentGradleInstallation                      : loaded 2 times (x 71B)
Class org.gradle.internal.agents.InstrumentingClassLoader                             : loaded 2 times (x 68B)
Class org.gradle.internal.installation.CurrentGradleInstallationLocator               : loaded 2 times (x 69B)
Class org.gradle.api.internal.classpath.Module                                        : loaded 2 times (x 68B)
Class com.google.common.base.Splitter$1$1                                             : loaded 2 times (x 84B)
Class org.gradle.internal.service.CachingServiceLocator                               : loaded 2 times (x 80B)
Class org.gradle.internal.classpath.DefaultClassPath                                  : loaded 2 times (x 88B)
Class com.google.common.base.Splitter$SplittingIterator                               : loaded 2 times (x 82B)
Class Build_gradle$1                                                                  : loaded 2 times (x 76B)
Class com.google.common.base.CharMatcher$Is                                           : loaded 2 times (x 109B)
Class com.google.common.base.Platform                                                 : loaded 2 times (x 69B)
Class com.google.common.collect.RegularImmutableAsList                                : loaded 2 times (x 176B)
Class org.gradle.internal.classloader.SystemClassLoaderSpec                           : loaded 2 times (x 69B)
Class [Lcom.google.common.base.AbstractIterator$State;                                : loaded 2 times (x 67B)
Class com.google.common.base.AbstractIterator                                         : loaded 2 times (x 78B)
Class com.google.common.base.AbstractIterator$1                                       : loaded 2 times (x 69B)
Class com.google.common.base.CharMatcher$1                                            : loaded 2 times (x 111B)
Class com.google.common.base.CharMatcher$Ascii                                        : loaded 2 times (x 110B)
Class org.gradle.api.UncheckedIOException                                             : loaded 2 times (x 80B)
Class com.google.common.base.CharMatcher$And                                          : loaded 2 times (x 110B)
Class com.google.common.collect.AbstractListMultimap                                  : loaded 2 times (x 170B)
Class com.google.common.base.CharMatcher$Any                                          : loaded 2 times (x 110B)
Class org.gradle.internal.installation.GradleInstallation                             : loaded 2 times (x 73B)
Class com.google.common.collect.ArrayListMultimapGwtSerializationDependencies         : loaded 2 times (x 170B)
Class com.google.common.base.CharMatcher$RangesMatcher                                : loaded 2 times (x 110B)
Class com.google.common.collect.ImmutableList$SubList                                 : loaded 2 times (x 168B)
Class org.gradle.internal.classloader.ClasspathUtil                                   : loaded 2 times (x 69B)
Class com.google.common.base.Splitter$1                                               : loaded 2 times (x 75B)
Class com.google.common.collect.Maps$BiMapConverter                                   : loaded 2 times (x 88B)
Class org.gradle.api.internal.DefaultClassPathRegistry                                : loaded 2 times (x 74B)
Class org.gradle.api.internal.classpath.DefaultModuleRegistry$DefaultModule           : loaded 2 times (x 84B)
Class com.google.common.base.CharMatcher$JavaIsoControl                               : loaded 2 times (x 110B)
Class com.google.common.base.CharMatcher$Or                                           : loaded 2 times (x 110B)
Class org.gradle.kotlin.dsl.VersionCatalogAccessorsKt                                 : loaded 2 times (x 69B)
Class com.google.common.base.CharMatcher$JavaLowerCase                                : loaded 2 times (x 109B)
Class org.gradle.api.internal.classpath.UnknownModuleException                        : loaded 2 times (x 80B)
Class com.google.common.collect.Maps$EntryTransformer                                 : loaded 2 times (x 68B)
Class com.google.common.base.CommonPattern                                            : loaded 2 times (x 72B)
Class org.gradle.internal.service.ServiceLookupException                              : loaded 2 times (x 80B)
Class org.gradle.cache.GlobalCache                                                    : loaded 2 times (x 68B)
Class com.google.common.base.CharMatcher$NegatedFastMatcher                           : loaded 2 times (x 111B)
Class [Lorg.gradle.api.internal.ClassPathProvider;                                    : loaded 2 times (x 67B)
Class org.gradle.util.internal.GUtil                                                  : loaded 2 times (x 69B)
Class org.gradle.internal.classloader.ClassLoaderSpec                                 : loaded 2 times (x 69B)
Class com.google.common.base.NullnessCasts                                            : loaded 2 times (x 69B)
Class com.google.common.base.CharMatcher$Negated                                      : loaded 2 times (x 111B)
Class com.google.common.base.CharMatcher$ForPredicate                                 : loaded 2 times (x 110B)
Class com.google.common.collect.SortedMapDifference                                   : loaded 2 times (x 68B)
Class org.gradle.internal.classloader.VisitableURLClassLoader                         : loaded 2 times (x 115B)
Class org.gradle.internal.Cast                                                        : loaded 2 times (x 69B)
Class Build_gradle                                                                    : loaded 2 times (x 70B)
Class org.gradle.api.internal.ClassPathRegistry                                       : loaded 2 times (x 68B)
Class org.gradle.internal.classloader.VisitableURLClassLoader$InstrumentingVisitableURLClassLoader: loaded 2 times (x 121B)
Class org.gradle.internal.classloader.ClassLoaderHierarchy                            : loaded 2 times (x 68B)
Class com.google.common.base.AbstractIterator$State                                   : loaded 2 times (x 77B)
Class com.google.common.base.CharMatcher$NamedFastMatcher                             : loaded 2 times (x 110B)
Class org.gradle.internal.InternalTransformer                                         : loaded 2 times (x 68B)
Class org.gradle.internal.service.ServiceLocator                                      : loaded 2 times (x 68B)
Class Settings_gradle$1                                                               : loaded 2 times (x 72B)
Class com.google.common.base.CharMatcher$Invisible                                    : loaded 2 times (x 110B)
Class com.google.common.base.CharMatcher$FastMatcher                                  : loaded 2 times (x 109B)
Class org.gradle.internal.classpath.DefaultClassPath$ImmutableUniqueList              : loaded 2 times (x 159B)
Class com.google.common.base.CharMatcher$JavaLetter                                   : loaded 2 times (x 109B)
Class org.gradle.internal.classpath.TransformedClassPath                              : loaded 2 times (x 94B)
Class com.google.common.collect.MapDifference                                         : loaded 2 times (x 68B)
Class Settings_gradle                                                                 : loaded 2 times (x 126B)
Class com.google.common.collect.Platform                                              : loaded 2 times (x 69B)
Class com.google.common.collect.ImmutableAsList                                       : loaded 2 times (x 169B)
Class com.google.common.base.CharMatcher$AnyOf                                        : loaded 2 times (x 110B)
Class com.google.common.base.CharMatcher$IsEither                                     : loaded 2 times (x 109B)
Class com.google.common.collect.RegularImmutableList                                  : loaded 2 times (x 172B)
Class com.google.common.base.CharMatcher$JavaUpperCase                                : loaded 2 times (x 109B)
Class com.google.common.collect.Multiset                                              : loaded 2 times (x 68B)
Class com.google.common.collect.AbstractMapBasedMultimap                              : loaded 2 times (x 137B)


---------------  S Y S T E M  ---------------

OS:
 Windows 11 , 64 bit Build 22621 (10.0.22621.3374)
OS uptime: 0 days 6:21 hours
Hyper-V role detected

CPU: total 16 (initial active 16) (8 cores per cpu, 2 threads per core) family 6 model 154 stepping 3 microcode 0x429, cx8, cmov, fxsr, ht, mmx, 3dnowpref, sse, sse2, sse3, ssse3, sse4.1, sse4.2, popcnt, lzcnt, tsc, tscinvbit, avx, avx2, aes, erms, clmul, bmi1, bmi2, adx, sha, fma, vzeroupper, clflush, clflushopt, clwb, hv
Processor Information for processor 0
  Max Mhz: 2300, Current Mhz: 2300, Mhz Limit: 2300
Processor Information for processor 1
  Max Mhz: 2300, Current Mhz: 2300, Mhz Limit: 2300
Processor Information for processor 2
  Max Mhz: 2300, Current Mhz: 1506, Mhz Limit: 2300
Processor Information for processor 3
  Max Mhz: 2300, Current Mhz: 1506, Mhz Limit: 2300
Processor Information for processor 4
  Max Mhz: 2300, Current Mhz: 2300, Mhz Limit: 2300
Processor Information for processor 5
  Max Mhz: 2300, Current Mhz: 2300, Mhz Limit: 2300
Processor Information for processor 6
  Max Mhz: 2300, Current Mhz: 2300, Mhz Limit: 2300
Processor Information for processor 7
  Max Mhz: 2300, Current Mhz: 2300, Mhz Limit: 2300
Processor Information for processor 8
  Max Mhz: 2300, Current Mhz: 2300, Mhz Limit: 2300
Processor Information for processor 9
  Max Mhz: 2300, Current Mhz: 2300, Mhz Limit: 2300
Processor Information for processor 10
  Max Mhz: 2300, Current Mhz: 2300, Mhz Limit: 2300
Processor Information for processor 11
  Max Mhz: 2300, Current Mhz: 2300, Mhz Limit: 2300
Processor Information for processor 12
  Max Mhz: 2300, Current Mhz: 2300, Mhz Limit: 2300
Processor Information for processor 13
  Max Mhz: 2300, Current Mhz: 2300, Mhz Limit: 2300
Processor Information for processor 14
  Max Mhz: 2300, Current Mhz: 2300, Mhz Limit: 2300
Processor Information for processor 15
  Max Mhz: 2300, Current Mhz: 2300, Mhz Limit: 2300

Memory: 4k page, system-wide physical 16004M (3487M free)
TotalPageFile size 16004M (AvailPageFile size 91M)
current process WorkingSet (physical memory assigned to process): 313M, peak: 313M
current process commit charge ("private bytes"): 379M, peak: 472M

vm_info: OpenJDK 64-Bit Server VM (17.0.10+0--11572160) for windows-amd64 JRE (17.0.10+0--11572160), built on Mar 13 2024 23:56:38 by "androidbuild" with MS VC++ 16.10 / 16.11 (VS2019)

END.
